mode: set
github.com/btc-go/bip353/cmd/bip353/main.go:23.13,24.41 1 0
github.com/btc-go/bip353/cmd/bip353/main.go:24.41,27.3 2 0
github.com/btc-go/bip353/cmd/bip353/main.go:30.31,31.20 1 0
github.com/btc-go/bip353/cmd/bip353/main.go:31.20,34.3 2 0
github.com/btc-go/bip353/cmd/bip353/main.go:35.2,35.17 1 0
github.com/btc-go/bip353/cmd/bip353/main.go:36.17,37.30 1 0
github.com/btc-go/bip353/cmd/bip353/main.go:38.17,39.30 1 0
github.com/btc-go/bip353/cmd/bip353/main.go:40.15,41.28 1 0
github.com/btc-go/bip353/cmd/bip353/main.go:42.16,43.29 1 0
github.com/btc-go/bip353/cmd/bip353/main.go:44.30,46.13 2 0
github.com/btc-go/bip353/cmd/bip353/main.go:47.10,48.80 1 0
github.com/btc-go/bip353/cmd/bip353/main.go:52.38,59.39 7 0
github.com/btc-go/bip353/cmd/bip353/main.go:59.39,61.3 1 0
github.com/btc-go/bip353/cmd/bip353/main.go:62.2,62.19 1 0
github.com/btc-go/bip353/cmd/bip353/main.go:62.19,64.3 1 0
github.com/btc-go/bip353/cmd/bip353/main.go:66.2,67.16 2 0
github.com/btc-go/bip353/cmd/bip353/main.go:67.16,69.3 1 0
github.com/btc-go/bip353/cmd/bip353/main.go:71.2,75.16 4 0
github.com/btc-go/bip353/cmd/bip353/main.go:75.16,77.3 1 0
github.com/btc-go/bip353/cmd/bip353/main.go:79.2,79.14 1 0
github.com/btc-go/bip353/cmd/bip353/main.go:79.14,81.3 1 0
github.com/btc-go/bip353/cmd/bip353/main.go:81.8,83.3 1 0
github.com/btc-go/bip353/cmd/bip353/main.go:84.2,84.12 1 0
github.com/btc-go/bip353/cmd/bip353/main.go:87.82,88.9 1 0
github.com/btc-go/bip353/cmd/bip353/main.go:89.24,90.24 1 0
github.com/btc-go/bip353/cmd/bip353/main.go:90.24,95.4 4 0
github.com/btc-go/bip353/cmd/bip353/main.go:96.3,96.22 1 0
github.com/btc-go/bip353/cmd/bip353/main.go:98.39,100.46 2 0
github.com/btc-go/bip353/cmd/bip353/main.go:100.46,102.4 1 0
github.com/btc-go/bip353/cmd/bip353/main.go:103.3,103.37 1 0
github.com/btc-go/bip353/cmd/bip353/main.go:105.39,106.71 1 0
github.com/btc-go/bip353/cmd/bip353/main.go:108.10,109.102 1 0
github.com/btc-go/bip353/cmd/bip353/main.go:113.56,118.26 5 0
github.com/btc-go/bip353/cmd/bip353/main.go:119.41,120.49 1 0
github.com/btc-go/bip353/cmd/bip353/main.go:121.39,122.58 1 0
github.com/btc-go/bip353/cmd/bip353/main.go:123.41,124.51 1 0
github.com/btc-go/bip353/cmd/bip353/main.go:125.33,126.52 1 0
github.com/btc-go/bip353/cmd/bip353/main.go:130.38,131.19 1 0
github.com/btc-go/bip353/cmd/bip353/main.go:131.19,133.3 1 0
github.com/btc-go/bip353/cmd/bip353/main.go:134.2,135.16 2 0
github.com/btc-go/bip353/cmd/bip353/main.go:135.16,137.3 1 0
github.com/btc-go/bip353/cmd/bip353/main.go:138.2,139.12 2 0
github.com/btc-go/bip353/cmd/bip353/main.go:142.36,149.39 7 0
github.com/btc-go/bip353/cmd/bip353/main.go:149.39,151.3 1 0
github.com/btc-go/bip353/cmd/bip353/main.go:153.2,154.24 2 0
github.com/btc-go/bip353/cmd/bip353/main.go:154.24,156.3 1 0
github.com/btc-go/bip353/cmd/bip353/main.go:157.2,157.19 1 0
github.com/btc-go/bip353/cmd/bip353/main.go:157.19,159.3 1 0
github.com/btc-go/bip353/cmd/bip353/main.go:160.2,160.15 1 0
github.com/btc-go/bip353/cmd/bip353/main.go:160.15,162.3 1 0
github.com/btc-go/bip353/cmd/bip353/main.go:163.2,163.20 1 0
github.com/btc-go/bip353/cmd/bip353/main.go:163.20,165.3 1 0
github.com/btc-go/bip353/cmd/bip353/main.go:167.2,168.16 2 0
github.com/btc-go/bip353/cmd/bip353/main.go:168.16,170.3 1 0
github.com/btc-go/bip353/cmd/bip353/main.go:171.2,172.12 2 0
github.com/btc-go/bip353/cmd/bip353/main.go:175.37,176.19 1 0
github.com/btc-go/bip353/cmd/bip353/main.go:176.19,178.3 1 0
github.com/btc-go/bip353/cmd/bip353/main.go:179.2,181.9 3 0
github.com/btc-go/bip353/cmd/bip353/main.go:184.36,185.29 1 0
github.com/btc-go/bip353/cmd/bip353/main.go:188.37,189.36 1 0
github.com/btc-go/bip353/cmd/bip353/main.go:190.10,191.95 1 0
github.com/btc-go/bip353/cmd/bip353/main.go:195.39,197.34 2 0
github.com/btc-go/bip353/cmd/bip353/main.go:197.34,199.3 1 0
github.com/btc-go/bip353/cmd/bip353/main.go:200.2,201.31 2 0
github.com/btc-go/bip353/cmd/bip353/main.go:201.31,203.3 1 0
github.com/btc-go/bip353/cmd/bip353/main.go:204.2,204.26 1 0
github.com/btc-go/bip353/cmd/bip353/main.go:204.26,206.3 1 0
github.com/btc-go/bip353/cmd/bip353/main.go:207.2,207.26 1 0
github.com/btc-go/bip353/cmd/bip353/main.go:207.26,209.3 1 0
github.com/btc-go/bip353/cmd/bip353/main.go:210.2,210.28 1 0
github.com/btc-go/bip353/cmd/bip353/main.go:210.28,212.3 1 0
github.com/btc-go/bip353/cmd/bip353/main.go:212.8,214.3 1 0
github.com/btc-go/bip353/cmd/bip353/main.go:215.2,215.28 1 0
github.com/btc-go/bip353/cmd/bip353/main.go:215.28,217.3 1 0
github.com/btc-go/bip353/cmd/bip353/main.go:218.2,218.32 1 0
github.com/btc-go/bip353/cmd/bip353/main.go:218.32,220.3 1 0
github.com/btc-go/bip353/cmd/bip353/main.go:221.2,221.29 1 0
github.com/btc-go/bip353/cmd/bip353/main.go:221.29,223.3 1 0
github.com/btc-go/bip353/cmd/bip353/main.go:224.2,224.31 1 0
github.com/btc-go/bip353/cmd/bip353/main.go:224.31,226.3 1 0
github.com/btc-go/bip353/cmd/bip353/main.go:227.2,227.28 1 0
github.com/btc-go/bip353/cmd/bip353/main.go:227.28,229.3 1 0
github.com/btc-go/bip353/cmd/bip353/main.go:230.2,230.16 1 0
github.com/btc-go/bip353/cmd/bip353/main.go:230.16,232.3 1 0
github.com/btc-go/bip353/cmd/bip353/main.go:233.2,233.12 1 0
github.com/btc-go/bip353/cmd/bip353/main.go:236.45,238.16 2 0
github.com/btc-go/bip353/cmd/bip353/main.go:238.16,240.3 1 0
github.com/btc-go/bip353/cmd/bip353/main.go:241.2,243.33 3 0
github.com/btc-go/bip353/cmd/bip353/main.go:243.33,245.3 1 0
github.com/btc-go/bip353/cmd/bip353/main.go:246.2,246.34 1 0
github.com/btc-go/bip353/cmd/bip353/main.go:246.34,248.3 1 0
github.com/btc-go/bip353/cmd/bip353/main.go:249.2,249.12 1 0
github.com/btc-go/bip353/cmd/bip353/main.go:252.19,291.2 1 0
github.com/btc-go/bip353/pkg/resolver/resolver.go:40.31,45.2 1 0
github.com/btc-go/bip353/pkg/resolver/resolver.go:52.34,54.14 2 0
github.com/btc-go/bip353/pkg/resolver/resolver.go:54.14,56.3 1 0
github.com/btc-go/bip353/pkg/resolver/resolver.go:57.2,57.44 1 0
github.com/btc-go/bip353/pkg/resolver/resolver.go:60.100,62.16 2 0
github.com/btc-go/bip353/pkg/resolver/resolver.go:62.16,64.3 1 0
github.com/btc-go/bip353/pkg/resolver/resolver.go:65.2,65.31 1 0
github.com/btc-go/bip353/pkg/resolver/resolver.go:68.109,70.2 1 0
github.com/btc-go/bip353/pkg/resolver/resolver.go:72.119,75.16 3 0
github.com/btc-go/bip353/pkg/resolver/resolver.go:75.16,76.22 1 0
github.com/btc-go/bip353/pkg/resolver/resolver.go:76.22,78.4 1 0
github.com/btc-go/bip353/pkg/resolver/resolver.go:79.3,79.72 1 0
github.com/btc-go/bip353/pkg/resolver/resolver.go:82.2,83.38 2 0
github.com/btc-go/bip353/pkg/resolver/resolver.go:83.38,84.58 1 0
github.com/btc-go/bip353/pkg/resolver/resolver.go:84.58,85.31 1 0
github.com/btc-go/bip353/pkg/resolver/resolver.go:85.31,87.5 1 0
github.com/btc-go/bip353/pkg/resolver/resolver.go:88.4,88.46 1 0
github.com/btc-go/bip353/pkg/resolver/resolver.go:91.2,91.29 1 0
github.com/btc-go/bip353/pkg/resolver/resolver.go:91.29,93.3 1 0
github.com/btc-go/bip353/pkg/resolver/resolver.go:94.2,94.28 1 0
github.com/btc-go/bip353/pkg/resolver/resolver.go:94.28,96.3 1 0
github.com/btc-go/bip353/pkg/resolver/resolver.go:98.2,100.16 3 0
github.com/btc-go/bip353/pkg/resolver/resolver.go:100.16,102.3 1 0
github.com/btc-go/bip353/pkg/resolver/resolver.go:103.2,108.18 5 0
github.com/btc-go/bip353/pkg/resolver/resolver.go:114.33,119.2 2 0
github.com/btc-go/bip353/pkg/resolver/resolver.go:121.84,123.16 2 0
github.com/btc-go/bip353/pkg/resolver/resolver.go:123.16,125.3 1 0
github.com/btc-go/bip353/pkg/resolver/resolver.go:126.2,127.16 2 0
github.com/btc-go/bip353/pkg/resolver/resolver.go:127.16,129.3 1 0
github.com/btc-go/bip353/pkg/resolver/resolver.go:130.2,138.52 2 0
github.com/btc-go/bip353/pkg/resolver/resolver.go:138.52,140.32 2 0
github.com/btc-go/bip353/pkg/resolver/resolver.go:140.32,142.4 1 0
github.com/btc-go/bip353/pkg/resolver/resolver.go:144.2,144.48 1 0
github.com/btc-go/bip353/pkg/resolver/resolver.go:144.48,146.26 2 0
github.com/btc-go/bip353/pkg/resolver/resolver.go:146.26,147.59 1 0
github.com/btc-go/bip353/pkg/resolver/resolver.go:147.59,149.5 1 0
github.com/btc-go/bip353/pkg/resolver/resolver.go:152.2,152.54 1 0
github.com/btc-go/bip353/pkg/resolver/resolver.go:152.54,154.3 1 0
github.com/btc-go/bip353/pkg/resolver/resolver.go:155.2,155.45 1 0
github.com/btc-go/bip353/pkg/resolver/resolver.go:155.45,157.33 2 0
github.com/btc-go/bip353/pkg/resolver/resolver.go:157.33,158.60 1 0
github.com/btc-go/bip353/pkg/resolver/resolver.go:158.60,160.5 1 0
github.com/btc-go/bip353/pkg/resolver/resolver.go:163.2,163.34 1 0
github.com/btc-go/bip353/pkg/resolver/resolver.go:163.34,164.36 1 0
github.com/btc-go/bip353/pkg/resolver/resolver.go:164.36,166.4 1 0
github.com/btc-go/bip353/pkg/resolver/resolver.go:168.2,168.18 1 0
github.com/btc-go/bip353/pkg/resolver/resolver.go:171.49,173.16 2 0
github.com/btc-go/bip353/pkg/resolver/resolver.go:173.16,175.3 1 0
github.com/btc-go/bip353/pkg/resolver/resolver.go:176.2,176.27 1 0
github.com/btc-go/bip353/pkg/resolver/resolver.go:179.59,185.18 6 0
github.com/btc-go/bip353/pkg/resolver/resolver.go:185.18,187.3 1 0
github.com/btc-go/bip353/pkg/resolver/resolver.go:188.2,188.28 1 0
github.com/btc-go/bip353/pkg/resolver/resolver.go:188.28,190.40 2 0
github.com/btc-go/bip353/pkg/resolver/resolver.go:190.40,191.27 1 0
github.com/btc-go/bip353/pkg/resolver/resolver.go:191.27,193.5 1 0
github.com/btc-go/bip353/pkg/resolver/resolver.go:194.4,194.22 1 0
github.com/btc-go/bip353/pkg/resolver/resolver.go:194.22,196.5 1 0
github.com/btc-go/bip353/pkg/resolver/resolver.go:197.4,197.22 1 0
github.com/btc-go/bip353/pkg/resolver/resolver.go:197.22,199.5 1 0
github.com/btc-go/bip353/pkg/resolver/resolver.go:200.4,200.24 1 0
github.com/btc-go/bip353/pkg/resolver/resolver.go:200.24,202.5 1 0
github.com/btc-go/bip353/pkg/resolver/resolver.go:203.4,203.28 1 0
github.com/btc-go/bip353/pkg/resolver/resolver.go:203.28,205.5 1 0
github.com/btc-go/bip353/pkg/resolver/resolver.go:208.2,208.30 1 0
github.com/btc-go/bip353/pkg/resolver/resolver.go:208.30,210.3 1 0
github.com/btc-go/bip353/pkg/resolver/resolver.go:211.2,211.31 1 0
github.com/btc-go/bip353/pkg/resolver/resolver.go:211.31,213.37 2 0
github.com/btc-go/bip353/pkg/resolver/resolver.go:213.37,214.48 1 0
github.com/btc-go/bip353/pkg/resolver/resolver.go:214.48,216.5 1 0
github.com/btc-go/bip353/pkg/resolver/resolver.go:219.2,219.37 1 0
github.com/btc-go/bip353/pkg/resolver/resolver.go:219.37,221.47 2 0
github.com/btc-go/bip353/pkg/resolver/resolver.go:221.47,224.4 2 0
github.com/btc-go/bip353/pkg/resolver/resolver.go:226.2,226.19 1 0
github.com/btc-go/bip353/pkg/resolver/resolver.go:229.36,230.17 1 0
github.com/btc-go/bip353/pkg/resolver/resolver.go:230.17,232.3 1 0
github.com/btc-go/bip353/pkg/resolver/resolver.go:233.2,233.22 1 0
github.com/btc-go/bip353/pkg/resolver/resolver.go:236.111,249.64 4 0
github.com/btc-go/bip353/pkg/resolver/resolver.go:249.64,251.3 1 0
github.com/btc-go/bip353/pkg/resolver/resolver.go:252.2,252.20 1 0
github.com/btc-go/bip353/pkg/resolver/resolver.go:252.20,254.3 1 0
github.com/btc-go/bip353/pkg/resolver/resolver.go:256.2,257.36 2 0
github.com/btc-go/bip353/pkg/resolver/resolver.go:257.36,258.86 1 0
github.com/btc-go/bip353/pkg/resolver/resolver.go:258.86,260.4 1 0
github.com/btc-go/bip353/pkg/resolver/resolver.go:262.2,262.29 1 0
github.com/btc-go/bip353/pkg/resolver/resolver.go:262.29,264.3 1 0
github.com/btc-go/bip353/pkg/resolver/resolver.go:265.2,265.28 1 0
github.com/btc-go/bip353/pkg/resolver/resolver.go:265.28,267.3 1 0
github.com/btc-go/bip353/pkg/resolver/resolver.go:269.2,272.16 4 0
github.com/btc-go/bip353/pkg/resolver/resolver.go:272.16,274.3 1 0
github.com/btc-go/bip353/pkg/resolver/resolver.go:275.2,280.18 5 0
github.com/btc-go/bip353/bip353.go:41.65,41.101 1 0
github.com/btc-go/bip353/bip353.go:42.65,42.104 1 0
github.com/btc-go/bip353/bip353.go:43.65,43.104 1 0
github.com/btc-go/bip353/bip353.go:44.72,46.2 1 0
github.com/btc-go/bip353/bip353.go:47.65,49.2 1 0
github.com/btc-go/bip353/bip353.go:50.53,50.92 1 0
github.com/btc-go/bip353/bip353.go:51.53,51.92 1 0
github.com/btc-go/bip353/bip353.go:52.63,54.2 1 0
github.com/btc-go/bip353/bip353.go:55.33,55.71 1 0
github.com/btc-go/bip353/bip353.go:59.54,59.97 1 0
github.com/btc-go/bip353/bip353.go:60.54,60.99 1 0
github.com/btc-go/bip353/bip353.go:62.53,64.16 2 0
github.com/btc-go/bip353/bip353.go:64.16,66.3 1 0
github.com/btc-go/bip353/bip353.go:67.2,69.29 3 0
github.com/btc-go/bip353/bip353.go:72.56,74.16 2 0
github.com/btc-go/bip353/bip353.go:74.16,76.3 1 0
github.com/btc-go/bip353/bip353.go:77.2,79.29 3 0
github.com/btc-go/bip353/bip353.go:82.67,84.16 2 0
github.com/btc-go/bip353/bip353.go:84.16,86.3 1 0
github.com/btc-go/bip353/bip353.go:87.2,89.29 3 0
github.com/btc-go/bip353/bip353.go:92.94,94.2 1 0
github.com/btc-go/bip353/bip353.go:95.103,97.2 1 0
github.com/btc-go/bip353/bip353.go:98.107,100.2 1 0
github.com/btc-go/bip353/bip353.go:106.77,108.16 2 0
github.com/btc-go/bip353/bip353.go:108.16,110.3 1 0
github.com/btc-go/bip353/bip353.go:111.2,111.48 1 0
github.com/btc-go/bip353/cmd/bip353/main.go:23.13,24.41 1 0
github.com/btc-go/bip353/cmd/bip353/main.go:24.41,27.3 2 0
github.com/btc-go/bip353/cmd/bip353/main.go:30.31,31.20 1 0
github.com/btc-go/bip353/cmd/bip353/main.go:31.20,34.3 2 0
github.com/btc-go/bip353/cmd/bip353/main.go:35.2,35.17 1 0
github.com/btc-go/bip353/cmd/bip353/main.go:36.17,37.30 1 0
github.com/btc-go/bip353/cmd/bip353/main.go:38.17,39.30 1 0
github.com/btc-go/bip353/cmd/bip353/main.go:40.15,41.28 1 0
github.com/btc-go/bip353/cmd/bip353/main.go:42.16,43.29 1 0
github.com/btc-go/bip353/cmd/bip353/main.go:44.30,46.13 2 0
github.com/btc-go/bip353/cmd/bip353/main.go:47.10,48.80 1 0
github.com/btc-go/bip353/cmd/bip353/main.go:52.38,59.39 7 0
github.com/btc-go/bip353/cmd/bip353/main.go:59.39,61.3 1 0
github.com/btc-go/bip353/cmd/bip353/main.go:62.2,62.19 1 0
github.com/btc-go/bip353/cmd/bip353/main.go:62.19,64.3 1 0
github.com/btc-go/bip353/cmd/bip353/main.go:66.2,67.16 2 0
github.com/btc-go/bip353/cmd/bip353/main.go:67.16,69.3 1 0
github.com/btc-go/bip353/cmd/bip353/main.go:71.2,75.16 4 0
github.com/btc-go/bip353/cmd/bip353/main.go:75.16,77.3 1 0
github.com/btc-go/bip353/cmd/bip353/main.go:79.2,79.14 1 0
github.com/btc-go/bip353/cmd/bip353/main.go:79.14,81.3 1 0
github.com/btc-go/bip353/cmd/bip353/main.go:81.8,83.3 1 0
github.com/btc-go/bip353/cmd/bip353/main.go:84.2,84.12 1 0
github.com/btc-go/bip353/cmd/bip353/main.go:87.82,88.9 1 0
github.com/btc-go/bip353/cmd/bip353/main.go:89.24,90.24 1 0
github.com/btc-go/bip353/cmd/bip353/main.go:90.24,95.4 4 0
github.com/btc-go/bip353/cmd/bip353/main.go:96.3,96.22 1 0
github.com/btc-go/bip353/cmd/bip353/main.go:98.39,100.46 2 0
github.com/btc-go/bip353/cmd/bip353/main.go:100.46,102.4 1 0
github.com/btc-go/bip353/cmd/bip353/main.go:103.3,103.37 1 0
github.com/btc-go/bip353/cmd/bip353/main.go:105.39,106.71 1 0
github.com/btc-go/bip353/cmd/bip353/main.go:108.10,109.102 1 0
github.com/btc-go/bip353/cmd/bip353/main.go:113.56,118.26 5 0
github.com/btc-go/bip353/cmd/bip353/main.go:119.41,120.49 1 0
github.com/btc-go/bip353/cmd/bip353/main.go:121.39,122.58 1 0
github.com/btc-go/bip353/cmd/bip353/main.go:123.41,124.51 1 0
github.com/btc-go/bip353/cmd/bip353/main.go:125.33,126.52 1 0
github.com/btc-go/bip353/cmd/bip353/main.go:130.38,131.19 1 0
github.com/btc-go/bip353/cmd/bip353/main.go:131.19,133.3 1 0
github.com/btc-go/bip353/cmd/bip353/main.go:134.2,135.16 2 0
github.com/btc-go/bip353/cmd/bip353/main.go:135.16,137.3 1 0
github.com/btc-go/bip353/cmd/bip353/main.go:138.2,139.12 2 0
github.com/btc-go/bip353/cmd/bip353/main.go:142.36,149.39 7 0
github.com/btc-go/bip353/cmd/bip353/main.go:149.39,151.3 1 0
github.com/btc-go/bip353/cmd/bip353/main.go:153.2,154.24 2 0
github.com/btc-go/bip353/cmd/bip353/main.go:154.24,156.3 1 0
github.com/btc-go/bip353/cmd/bip353/main.go:157.2,157.19 1 0
github.com/btc-go/bip353/cmd/bip353/main.go:157.19,159.3 1 0
github.com/btc-go/bip353/cmd/bip353/main.go:160.2,160.15 1 0
github.com/btc-go/bip353/cmd/bip353/main.go:160.15,162.3 1 0
github.com/btc-go/bip353/cmd/bip353/main.go:163.2,163.20 1 0
github.com/btc-go/bip353/cmd/bip353/main.go:163.20,165.3 1 0
github.com/btc-go/bip353/cmd/bip353/main.go:167.2,168.16 2 0
github.com/btc-go/bip353/cmd/bip353/main.go:168.16,170.3 1 0
github.com/btc-go/bip353/cmd/bip353/main.go:171.2,172.12 2 0
github.com/btc-go/bip353/cmd/bip353/main.go:175.37,176.19 1 0
github.com/btc-go/bip353/cmd/bip353/main.go:176.19,178.3 1 0
github.com/btc-go/bip353/cmd/bip353/main.go:179.2,181.9 3 0
github.com/btc-go/bip353/cmd/bip353/main.go:184.36,185.29 1 0
github.com/btc-go/bip353/cmd/bip353/main.go:188.37,189.36 1 0
github.com/btc-go/bip353/cmd/bip353/main.go:190.10,191.95 1 0
github.com/btc-go/bip353/cmd/bip353/main.go:195.39,197.34 2 0
github.com/btc-go/bip353/cmd/bip353/main.go:197.34,199.3 1 0
github.com/btc-go/bip353/cmd/bip353/main.go:200.2,201.31 2 0
github.com/btc-go/bip353/cmd/bip353/main.go:201.31,203.3 1 0
github.com/btc-go/bip353/cmd/bip353/main.go:204.2,204.26 1 0
github.com/btc-go/bip353/cmd/bip353/main.go:204.26,206.3 1 0
github.com/btc-go/bip353/cmd/bip353/main.go:207.2,207.26 1 0
github.com/btc-go/bip353/cmd/bip353/main.go:207.26,209.3 1 0
github.com/btc-go/bip353/cmd/bip353/main.go:210.2,210.28 1 0
github.com/btc-go/bip353/cmd/bip353/main.go:210.28,212.3 1 0
github.com/btc-go/bip353/cmd/bip353/main.go:212.8,214.3 1 0
github.com/btc-go/bip353/cmd/bip353/main.go:215.2,215.28 1 0
github.com/btc-go/bip353/cmd/bip353/main.go:215.28,217.3 1 0
github.com/btc-go/bip353/cmd/bip353/main.go:218.2,218.32 1 0
github.com/btc-go/bip353/cmd/bip353/main.go:218.32,220.3 1 0
github.com/btc-go/bip353/cmd/bip353/main.go:221.2,221.29 1 0
github.com/btc-go/bip353/cmd/bip353/main.go:221.29,223.3 1 0
github.com/btc-go/bip353/cmd/bip353/main.go:224.2,224.31 1 0
github.com/btc-go/bip353/cmd/bip353/main.go:224.31,226.3 1 0
github.com/btc-go/bip353/cmd/bip353/main.go:227.2,227.28 1 0
github.com/btc-go/bip353/cmd/bip353/main.go:227.28,229.3 1 0
github.com/btc-go/bip353/cmd/bip353/main.go:230.2,230.16 1 0
github.com/btc-go/bip353/cmd/bip353/main.go:230.16,232.3 1 0
github.com/btc-go/bip353/cmd/bip353/main.go:233.2,233.12 1 0
github.com/btc-go/bip353/cmd/bip353/main.go:236.45,238.16 2 0
github.com/btc-go/bip353/cmd/bip353/main.go:238.16,240.3 1 0
github.com/btc-go/bip353/cmd/bip353/main.go:241.2,243.33 3 0
github.com/btc-go/bip353/cmd/bip353/main.go:243.33,245.3 1 0
github.com/btc-go/bip353/cmd/bip353/main.go:246.2,246.34 1 0
github.com/btc-go/bip353/cmd/bip353/main.go:246.34,248.3 1 0
github.com/btc-go/bip353/cmd/bip353/main.go:249.2,249.12 1 0
github.com/btc-go/bip353/cmd/bip353/main.go:252.19,291.2 1 0
github.com/btc-go/bip353/internal/dnssec/dnssec_prover.go:35.57,43.2 1 0
github.com/btc-go/bip353/internal/dnssec/dnssec_prover.go:45.42,47.2 1 0
github.com/btc-go/bip353/internal/dnssec/dnssec_prover.go:49.37,51.2 1 0
github.com/btc-go/bip353/internal/dnssec/dnssec_prover.go:53.46,55.2 1 0
github.com/btc-go/bip353/internal/dnssec/dnssec_prover.go:57.49,60.2 2 0
github.com/btc-go/bip353/internal/dnssec/dnssec_prover.go:62.31,63.47 1 0
github.com/btc-go/bip353/internal/dnssec/dnssec_prover.go:63.47,66.3 2 0
github.com/btc-go/bip353/internal/dnssec/dnssec_prover.go:69.43,71.2 1 0
github.com/btc-go/bip353/internal/dnssec/dnssec_prover.go:73.50,75.2 1 0
github.com/btc-go/bip353/internal/dnssec/dnssec_prover.go:77.47,78.17 1 0
github.com/btc-go/bip353/internal/dnssec/dnssec_prover.go:78.17,80.3 1 0
github.com/btc-go/bip353/internal/dnssec/dnssec_prover.go:83.2,88.62 2 0
github.com/btc-go/bip353/internal/dnssec/dnssec_prover.go:88.62,90.3 1 0
github.com/btc-go/bip353/internal/dnssec/dnssec_prover.go:109.94,116.16 4 0
github.com/btc-go/bip353/internal/dnssec/dnssec_prover.go:116.16,117.53 1 0
github.com/btc-go/bip353/internal/dnssec/dnssec_prover.go:119.2,119.33 1 0
github.com/btc-go/bip353/internal/dnssec/dnssec_prover.go:122.91,126.22 4 0
github.com/btc-go/bip353/internal/dnssec/dnssec_prover.go:126.22,129.84 2 0
github.com/btc-go/bip353/internal/dnssec/dnssec_prover.go:131.2,131.13 1 0
github.com/btc-go/bip353/internal/dnssec/dnssec_prover.go:134.107,139.2 4 0
github.com/btc-go/bip353/internal/dnssec/dnssec_prover.go:141.82,142.21 1 0
github.com/btc-go/bip353/internal/dnssec/dnssec_prover.go:143.9,144.13 1 0
github.com/btc-go/bip353/internal/dnssec/dnssec_prover.go:145.9,146.77 1 0
github.com/btc-go/bip353/internal/dnssec/dnssec_prover.go:147.9,151.30 1 0
github.com/btc-go/bip353/internal/dnssec/dnssec_prover.go:151.30,152.98 1 0
github.com/btc-go/bip353/internal/dnssec/dnssec_prover.go:153.9,154.64 1 0
github.com/btc-go/bip353/internal/dnssec/dnssec_prover.go:156.10,157.60 1 0
github.com/btc-go/bip353/internal/dnssec/dnssec_prover.go:161.60,162.21 1 0
github.com/btc-go/bip353/internal/dnssec/dnssec_prover.go:163.9,164.13 1 0
github.com/btc-go/bip353/internal/dnssec/dnssec_prover.go:165.9,166.73 1 0
github.com/btc-go/bip353/internal/dnssec/dnssec_prover.go:167.9,171.30 1 0
github.com/btc-go/bip353/internal/dnssec/dnssec_prover.go:171.30,174.8 1 0
github.com/btc-go/bip353/internal/dnssec/dnssec_prover.go:175.9,176.64 1 0
github.com/btc-go/bip353/internal/dnssec/dnssec_prover.go:178.10,179.60 1 0
github.com/btc-go/bip353/internal/dnssec/dnssec_prover.go:183.60,185.16 2 0
github.com/btc-go/bip353/internal/dnssec/dnssec_prover.go:185.16,186.13 1 0
github.com/btc-go/bip353/internal/dnssec/dnssec_prover.go:188.2,188.20 1 0
github.com/btc-go/bip353/internal/dnssec/dnssec_prover.go:195.46,196.70 1 0
github.com/btc-go/bip353/internal/dnssec/dnssec_prover.go:196.70,197.13 1 0
github.com/btc-go/bip353/internal/dnssec/dnssec_prover.go:201.48,202.70 1 0
github.com/btc-go/bip353/internal/dnssec/dnssec_prover.go:202.70,203.13 1 0
github.com/btc-go/bip353/internal/dnssec/dnssec_prover.go:207.48,208.70 1 0
github.com/btc-go/bip353/internal/dnssec/dnssec_prover.go:208.70,209.13 1 0
github.com/btc-go/bip353/internal/dnssec/dnssec_prover.go:213.50,214.70 1 0
github.com/btc-go/bip353/internal/dnssec/dnssec_prover.go:214.70,215.13 1 0
github.com/btc-go/bip353/internal/dnssec/dnssec_prover.go:219.48,220.70 1 0
github.com/btc-go/bip353/internal/dnssec/dnssec_prover.go:220.70,221.13 1 0
github.com/btc-go/bip353/internal/dnssec/dnssec_prover.go:225.50,226.70 1 0
github.com/btc-go/bip353/internal/dnssec/dnssec_prover.go:226.70,227.13 1 0
github.com/btc-go/bip353/internal/dnssec/dnssec_prover.go:231.48,232.70 1 0
github.com/btc-go/bip353/internal/dnssec/dnssec_prover.go:232.70,233.13 1 0
github.com/btc-go/bip353/internal/dnssec/dnssec_prover.go:237.50,238.70 1 0
github.com/btc-go/bip353/internal/dnssec/dnssec_prover.go:238.70,239.13 1 0
github.com/btc-go/bip353/internal/dnssec/dnssec_prover.go:243.52,244.70 1 0
github.com/btc-go/bip353/internal/dnssec/dnssec_prover.go:244.70,245.13 1 0
github.com/btc-go/bip353/internal/dnssec/dnssec_prover.go:249.52,250.70 1 0
github.com/btc-go/bip353/internal/dnssec/dnssec_prover.go:250.70,251.13 1 0
github.com/btc-go/bip353/internal/dnssec/dnssec_prover.go:255.38,257.71 2 0
github.com/btc-go/bip353/internal/dnssec/dnssec_prover.go:257.71,258.13 1 0
github.com/btc-go/bip353/internal/dnssec/dnssec_prover.go:260.2,260.15 1 0
github.com/btc-go/bip353/internal/dnssec/dnssec_prover.go:263.40,265.71 2 0
github.com/btc-go/bip353/internal/dnssec/dnssec_prover.go:265.71,266.13 1 0
github.com/btc-go/bip353/internal/dnssec/dnssec_prover.go:268.2,268.15 1 0
github.com/btc-go/bip353/internal/dnssec/dnssec_prover.go:271.40,273.71 2 0
github.com/btc-go/bip353/internal/dnssec/dnssec_prover.go:273.71,274.13 1 0
github.com/btc-go/bip353/internal/dnssec/dnssec_prover.go:276.2,276.15 1 0
github.com/btc-go/bip353/internal/dnssec/dnssec_prover.go:279.42,281.71 2 0
github.com/btc-go/bip353/internal/dnssec/dnssec_prover.go:281.71,282.13 1 0
github.com/btc-go/bip353/internal/dnssec/dnssec_prover.go:284.2,284.15 1 0
github.com/btc-go/bip353/internal/dnssec/dnssec_prover.go:287.40,289.71 2 0
github.com/btc-go/bip353/internal/dnssec/dnssec_prover.go:289.71,290.13 1 0
github.com/btc-go/bip353/internal/dnssec/dnssec_prover.go:292.2,292.15 1 0
github.com/btc-go/bip353/internal/dnssec/dnssec_prover.go:295.42,297.71 2 0
github.com/btc-go/bip353/internal/dnssec/dnssec_prover.go:297.71,298.13 1 0
github.com/btc-go/bip353/internal/dnssec/dnssec_prover.go:300.2,300.15 1 0
github.com/btc-go/bip353/internal/dnssec/dnssec_prover.go:303.40,305.71 2 0
github.com/btc-go/bip353/internal/dnssec/dnssec_prover.go:305.71,306.13 1 0
github.com/btc-go/bip353/internal/dnssec/dnssec_prover.go:308.2,308.15 1 0
github.com/btc-go/bip353/internal/dnssec/dnssec_prover.go:311.42,313.71 2 0
github.com/btc-go/bip353/internal/dnssec/dnssec_prover.go:313.71,314.13 1 0
github.com/btc-go/bip353/internal/dnssec/dnssec_prover.go:316.2,316.15 1 0
github.com/btc-go/bip353/internal/dnssec/dnssec_prover.go:319.44,321.71 2 0
github.com/btc-go/bip353/internal/dnssec/dnssec_prover.go:321.71,322.13 1 0
github.com/btc-go/bip353/internal/dnssec/dnssec_prover.go:324.2,324.15 1 0
github.com/btc-go/bip353/internal/dnssec/dnssec_prover.go:327.44,329.71 2 0
github.com/btc-go/bip353/internal/dnssec/dnssec_prover.go:329.71,330.13 1 0
github.com/btc-go/bip353/internal/dnssec/dnssec_prover.go:332.2,332.15 1 0
github.com/btc-go/bip353/internal/dnssec/dnssec_prover.go:335.13,338.2 1 0
github.com/btc-go/bip353/internal/dnssec/dnssec_prover.go:340.29,344.90 2 0
github.com/btc-go/bip353/internal/dnssec/dnssec_prover.go:344.90,346.3 1 0
github.com/btc-go/bip353/internal/dnssec/dnssec_prover.go:347.2,347.64 1 0
github.com/btc-go/bip353/internal/dnssec/dnssec_prover.go:347.64,349.59 1 0
github.com/btc-go/bip353/internal/dnssec/dnssec_prover.go:351.2,352.73 1 0
github.com/btc-go/bip353/internal/dnssec/dnssec_prover.go:352.73,354.4 1 0
github.com/btc-go/bip353/internal/dnssec/dnssec_prover.go:355.3,355.24 1 0
github.com/btc-go/bip353/internal/dnssec/dnssec_prover.go:355.24,357.118 1 0
github.com/btc-go/bip353/internal/dnssec/dnssec_prover.go:360.2,361.73 1 0
github.com/btc-go/bip353/internal/dnssec/dnssec_prover.go:361.73,363.4 1 0
github.com/btc-go/bip353/internal/dnssec/dnssec_prover.go:364.3,364.22 1 0
github.com/btc-go/bip353/internal/dnssec/dnssec_prover.go:364.22,366.118 1 0
github.com/btc-go/bip353/internal/dnssec/dnssec_prover.go:369.2,370.73 1 0
github.com/btc-go/bip353/internal/dnssec/dnssec_prover.go:370.73,372.4 1 0
github.com/btc-go/bip353/internal/dnssec/dnssec_prover.go:373.3,373.24 1 0
github.com/btc-go/bip353/internal/dnssec/dnssec_prover.go:373.24,375.129 1 0
github.com/btc-go/bip353/internal/dnssec/dnssec_prover.go:378.2,379.73 1 0
github.com/btc-go/bip353/internal/dnssec/dnssec_prover.go:379.73,381.4 1 0
github.com/btc-go/bip353/internal/dnssec/dnssec_prover.go:382.3,382.23 1 0
github.com/btc-go/bip353/internal/dnssec/dnssec_prover.go:382.23,384.135 1 0
github.com/btc-go/bip353/internal/dnssec/dnssec_prover.go:387.2,388.73 1 0
github.com/btc-go/bip353/internal/dnssec/dnssec_prover.go:388.73,390.4 1 0
github.com/btc-go/bip353/internal/dnssec/dnssec_prover.go:391.3,391.24 1 0
github.com/btc-go/bip353/internal/dnssec/dnssec_prover.go:391.24,393.137 1 0
github.com/btc-go/bip353/internal/dnssec/dnssec_prover.go:402.58,404.2 1 0
github.com/btc-go/bip353/internal/dnssec/dnssec_prover.go:406.65,408.2 1 0
github.com/btc-go/bip353/internal/dnssec/dnssec_prover.go:410.57,412.2 1 0
github.com/btc-go/bip353/internal/dnssec/dnssec_prover.go:414.57,416.2 1 0
github.com/btc-go/bip353/internal/dnssec/dnssec_prover.go:420.46,420.47 0 0
github.com/btc-go/bip353/internal/dnssec/dnssec_prover.go:426.55,430.16 4 0
github.com/btc-go/bip353/internal/dnssec/dnssec_prover.go:430.16,431.47 1 0
github.com/btc-go/bip353/internal/dnssec/dnssec_prover.go:433.2,433.18 1 0
github.com/btc-go/bip353/internal/dnssec/dnssec_prover.go:436.57,440.33 4 0
github.com/btc-go/bip353/internal/dnssec/dnssec_prover.go:440.33,441.13 1 0
github.com/btc-go/bip353/internal/dnssec/dnssec_prover.go:443.2,443.32 1 0
github.com/btc-go/bip353/internal/dnssec/dnssec_prover.go:443.32,444.102 1 0
github.com/btc-go/bip353/internal/dnssec/dnssec_prover.go:446.2,446.23 1 0
github.com/btc-go/bip353/internal/dnssec/dnssec_prover.go:449.60,451.2 1 0
github.com/btc-go/bip353/internal/dnssec/dnssec_prover.go:453.65,454.32 1 0
github.com/btc-go/bip353/internal/dnssec/dnssec_prover.go:454.32,455.49 1 0
github.com/btc-go/bip353/internal/dnssec/dnssec_prover.go:458.2,460.16 3 0
github.com/btc-go/bip353/internal/dnssec/dnssec_prover.go:460.16,461.13 1 0
github.com/btc-go/bip353/internal/dnssec/dnssec_prover.go:463.2,463.32 1 0
github.com/btc-go/bip353/internal/dnssec/dnssec_prover.go:463.32,464.111 1 0
github.com/btc-go/bip353/internal/dnssec/dnssec_prover.go:470.46,470.47 0 0
github.com/btc-go/bip353/internal/dnssec/dnssec_prover.go:476.61,478.2 1 0
github.com/btc-go/bip353/internal/dnssec/dnssec_prover.go:480.66,481.32 1 0
github.com/btc-go/bip353/internal/dnssec/dnssec_prover.go:481.32,482.49 1 0
github.com/btc-go/bip353/internal/dnssec/dnssec_prover.go:485.2,487.16 3 0
github.com/btc-go/bip353/internal/dnssec/dnssec_prover.go:487.16,488.13 1 0
github.com/btc-go/bip353/internal/dnssec/dnssec_prover.go:490.2,490.32 1 0
github.com/btc-go/bip353/internal/dnssec/dnssec_prover.go:490.32,491.111 1 0
github.com/btc-go/bip353/internal/dnssec/dnssec_prover.go:495.56,497.2 1 0
github.com/btc-go/bip353/internal/dnssec/dnssec_prover.go:499.58,503.33 4 0
github.com/btc-go/bip353/internal/dnssec/dnssec_prover.go:503.33,504.13 1 0
github.com/btc-go/bip353/internal/dnssec/dnssec_prover.go:506.2,506.32 1 0
github.com/btc-go/bip353/internal/dnssec/dnssec_prover.go:506.32,507.102 1 0
github.com/btc-go/bip353/internal/dnssec/dnssec_prover.go:509.2,509.15 1 0
github.com/btc-go/bip353/internal/dnssec/dnssec_prover.go:514.45,514.46 0 0
github.com/btc-go/bip353/internal/dnssec/dnssec_prover.go:531.13,537.2 1 0
github.com/btc-go/bip353/internal/dnssec/dnssec_prover.go:539.79,540.6 1 0
github.com/btc-go/bip353/internal/dnssec/dnssec_prover.go:540.6,542.20 2 0
github.com/btc-go/bip353/internal/dnssec/dnssec_prover.go:542.20,543.72 1 0
github.com/btc-go/bip353/internal/dnssec/dnssec_prover.go:545.3,545.31 1 0
github.com/btc-go/bip353/internal/dnssec/dnssec_prover.go:545.31,546.73 1 0
github.com/btc-go/bip353/internal/dnssec/dnssec_prover.go:548.3,548.63 1 0
github.com/btc-go/bip353/internal/dnssec/dnssec_prover.go:548.63,549.9 1 0
github.com/btc-go/bip353/internal/dnssec/dnssec_prover.go:553.2,553.64 1 0
github.com/btc-go/bip353/internal/dnssec/dnssec_prover.go:553.64,555.3 1 0
github.com/btc-go/bip353/internal/dnssec/dnssec_prover.go:558.48,559.41 1 0
github.com/btc-go/bip353/internal/dnssec/dnssec_prover.go:559.41,561.3 1 0
github.com/btc-go/bip353/internal/dnssec/dnssec_prover.go:564.39,565.53 1 0
github.com/btc-go/bip353/internal/dnssec/dnssec_prover.go:565.53,566.42 1 0
github.com/btc-go/bip353/internal/dnssec/dnssec_prover.go:566.42,568.4 1 0
github.com/btc-go/bip353/internal/dnssec/dnssec_prover.go:572.46,573.48 1 0
github.com/btc-go/bip353/internal/dnssec/dnssec_prover.go:573.48,576.3 2 0
github.com/btc-go/bip353/internal/dnssec/dnssec_prover.go:588.51,591.107 3 0
github.com/btc-go/bip353/internal/dnssec/dnssec_prover.go:591.107,596.3 1 0
github.com/btc-go/bip353/internal/dnssec/dnssec_prover.go:599.57,602.107 3 0
github.com/btc-go/bip353/internal/dnssec/dnssec_prover.go:602.107,607.3 1 0
github.com/btc-go/bip353/internal/dnssec/dnssec_prover.go:610.72,613.134 3 0
github.com/btc-go/bip353/internal/dnssec/dnssec_prover.go:613.134,617.3 2 0
github.com/btc-go/bip353/internal/dnssec/dnssec_prover.go:618.2,618.29 1 0
github.com/btc-go/bip353/internal/dnssec/dnssec_prover.go:620.39,623.2 2 0
github.com/btc-go/bip353/internal/dnssec/dnssec_prover.go:629.78,633.74 1 0
github.com/btc-go/bip353/internal/dnssec/dnssec_prover.go:633.74,635.5 1 0
github.com/btc-go/bip353/internal/dnssec/dnssec_prover.go:636.59,638.5 1 0
github.com/btc-go/bip353/internal/dnssec/dnssec_prover.go:641.2,642.15 2 0
github.com/btc-go/bip353/internal/dnssec/dnssec_prover.go:645.72,647.2 1 0
github.com/btc-go/bip353/internal/dnssec/dnssec_prover.go:649.77,657.2 3 0
github.com/btc-go/bip353/internal/dnssec/dnssec_prover.go:659.80,661.2 1 0
github.com/btc-go/bip353/internal/dnssec/dnssec_prover.go:665.64,667.2 1 0
github.com/btc-go/bip353/internal/dnssec/dnssec_prover.go:675.48,676.16 1 0
github.com/btc-go/bip353/internal/dnssec/dnssec_prover.go:676.16,678.3 1 0
github.com/btc-go/bip353/internal/dnssec/dnssec_prover.go:678.8,680.3 1 0
github.com/btc-go/bip353/internal/dnssec/dnssec_prover.go:683.46,685.2 1 0
github.com/btc-go/bip353/internal/dnssec/dnssec_prover.go:687.46,689.2 1 0
github.com/btc-go/bip353/internal/dnssec/dnssec_prover.go:704.65,706.2 1 0
github.com/btc-go/bip353/internal/dnssec/dnssec_prover.go:708.55,709.2 0 0
github.com/btc-go/bip353/internal/dnssec/dnssec_prover.go:711.61,713.2 1 0
github.com/btc-go/bip353/internal/dnssec/dnssec_prover.go:715.69,717.2 1 0
github.com/btc-go/bip353/internal/dnssec/dnssec_prover.go:723.63,725.2 1 0
github.com/btc-go/bip353/internal/dnssec/dnssec_prover.go:727.53,728.2 0 0
github.com/btc-go/bip353/internal/dnssec/dnssec_prover.go:730.59,732.2 1 0
github.com/btc-go/bip353/internal/dnssec/dnssec_prover.go:734.67,736.2 1 0
github.com/btc-go/bip353/internal/dnssec/dnssec_prover.go:742.60,744.2 1 0
github.com/btc-go/bip353/internal/dnssec/dnssec_prover.go:746.50,747.2 0 0
github.com/btc-go/bip353/internal/dnssec/dnssec_prover.go:749.56,751.2 1 0
github.com/btc-go/bip353/internal/dnssec/dnssec_prover.go:753.64,755.2 1 0
github.com/btc-go/bip353/internal/dnssec/dnssec_prover.go:761.63,763.2 1 0
github.com/btc-go/bip353/internal/dnssec/dnssec_prover.go:765.53,766.2 0 0
github.com/btc-go/bip353/internal/dnssec/dnssec_prover.go:768.59,770.2 1 0
github.com/btc-go/bip353/internal/dnssec/dnssec_prover.go:772.67,774.2 1 0
github.com/btc-go/bip353/internal/dnssec/dnssec_prover.go:780.65,782.2 1 0
github.com/btc-go/bip353/internal/dnssec/dnssec_prover.go:784.55,785.2 0 0
github.com/btc-go/bip353/internal/dnssec/dnssec_prover.go:787.61,789.2 1 0
github.com/btc-go/bip353/internal/dnssec/dnssec_prover.go:791.69,793.2 1 0
github.com/btc-go/bip353/internal/dnssec/dnssec_prover.go:799.68,801.2 1 0
github.com/btc-go/bip353/internal/dnssec/dnssec_prover.go:803.58,804.2 0 0
github.com/btc-go/bip353/internal/dnssec/dnssec_prover.go:806.64,808.2 1 0
github.com/btc-go/bip353/internal/dnssec/dnssec_prover.go:810.72,812.2 1 0
github.com/btc-go/bip353/internal/dnssec/dnssec_prover.go:818.82,820.2 1 0
github.com/btc-go/bip353/internal/dnssec/dnssec_prover.go:822.87,824.2 1 0
github.com/btc-go/bip353/internal/dnssec/dnssec_prover.go:826.84,830.17 3 0
github.com/btc-go/bip353/internal/dnssec/dnssec_prover.go:831.9,832.74 1 0
github.com/btc-go/bip353/internal/dnssec/dnssec_prover.go:833.9,834.72 1 0
github.com/btc-go/bip353/internal/dnssec/dnssec_prover.go:835.9,836.69 1 0
github.com/btc-go/bip353/internal/dnssec/dnssec_prover.go:837.9,838.72 1 0
github.com/btc-go/bip353/internal/dnssec/dnssec_prover.go:839.9,840.74 1 0
github.com/btc-go/bip353/internal/dnssec/dnssec_prover.go:841.9,842.77 1 0
github.com/btc-go/bip353/internal/dnssec/dnssec_prover.go:843.10,844.96 1 0
github.com/btc-go/bip353/internal/dnssec/dnssec_prover.go:849.92,850.42 1 0
github.com/btc-go/bip353/internal/dnssec/dnssec_prover.go:851.42,852.24 1 0
github.com/btc-go/bip353/internal/dnssec/dnssec_prover.go:853.40,854.24 1 0
github.com/btc-go/bip353/internal/dnssec/dnssec_prover.go:855.37,856.24 1 0
github.com/btc-go/bip353/internal/dnssec/dnssec_prover.go:857.40,858.24 1 0
github.com/btc-go/bip353/internal/dnssec/dnssec_prover.go:859.42,860.24 1 0
github.com/btc-go/bip353/internal/dnssec/dnssec_prover.go:861.45,862.24 1 0
github.com/btc-go/bip353/internal/dnssec/dnssec_prover.go:863.10,865.96 2 0
github.com/btc-go/bip353/internal/dnssec/dnssec_prover.go:871.76,872.42 1 0
github.com/btc-go/bip353/internal/dnssec/dnssec_prover.go:873.41,874.25 1 0
github.com/btc-go/bip353/internal/dnssec/dnssec_prover.go:875.39,876.25 1 0
github.com/btc-go/bip353/internal/dnssec/dnssec_prover.go:877.36,878.25 1 0
github.com/btc-go/bip353/internal/dnssec/dnssec_prover.go:879.39,880.25 1 0
github.com/btc-go/bip353/internal/dnssec/dnssec_prover.go:881.41,882.25 1 0
github.com/btc-go/bip353/internal/dnssec/dnssec_prover.go:883.44,884.25 1 0
github.com/btc-go/bip353/internal/dnssec/dnssec_prover.go:885.10,887.98 2 0
github.com/btc-go/bip353/internal/dnssec/dnssec_prover.go:895.65,897.2 1 0
github.com/btc-go/bip353/internal/dnssec/dnssec_prover.go:899.67,900.27 1 0
github.com/btc-go/bip353/internal/dnssec/dnssec_prover.go:900.27,902.3 1 0
github.com/btc-go/bip353/internal/dnssec/dnssec_prover.go:903.2,904.14 2 0
github.com/btc-go/bip353/internal/dnssec/dnssec_prover.go:907.70,909.2 1 0
github.com/btc-go/bip353/internal/dnssec/dnssec_prover.go:911.75,912.18 1 0
github.com/btc-go/bip353/internal/dnssec/dnssec_prover.go:912.18,914.3 1 0
github.com/btc-go/bip353/internal/dnssec/dnssec_prover.go:914.8,917.3 2 0
github.com/btc-go/bip353/internal/dnssec/dnssec_prover.go:922.59,923.18 1 0
github.com/btc-go/bip353/internal/dnssec/dnssec_prover.go:923.18,925.3 1 0
github.com/btc-go/bip353/internal/dnssec/dnssec_prover.go:932.79,934.2 1 0
github.com/btc-go/bip353/internal/dnssec/dnssec_prover.go:936.81,937.27 1 0
github.com/btc-go/bip353/internal/dnssec/dnssec_prover.go:937.27,939.3 1 0
github.com/btc-go/bip353/internal/dnssec/dnssec_prover.go:940.2,941.14 2 0
github.com/btc-go/bip353/internal/dnssec/dnssec_prover.go:944.84,946.2 1 0
github.com/btc-go/bip353/internal/dnssec/dnssec_prover.go:948.89,949.18 1 0
github.com/btc-go/bip353/internal/dnssec/dnssec_prover.go:949.18,951.3 1 0
github.com/btc-go/bip353/internal/dnssec/dnssec_prover.go:951.8,954.3 2 0
github.com/btc-go/bip353/internal/dnssec/dnssec_prover.go:959.73,960.18 1 0
github.com/btc-go/bip353/internal/dnssec/dnssec_prover.go:960.18,962.3 1 0
github.com/btc-go/bip353/internal/dnssec/dnssec_prover.go:965.62,966.114 1 0
github.com/btc-go/bip353/internal/dnssec/dnssec_prover.go:966.114,970.3 1 0
github.com/btc-go/bip353/internal/dnssec/dnssec_prover.go:973.67,974.100 1 0
github.com/btc-go/bip353/internal/dnssec/dnssec_prover.go:974.100,978.3 1 0
github.com/btc-go/bip353/pkg/bolt12/bolt12.go:20.13,21.30 1 1
github.com/btc-go/bip353/pkg/bolt12/bolt12.go:21.30,23.3 1 1
github.com/btc-go/bip353/pkg/bolt12/bolt12.go:24.2,24.34 1 1
github.com/btc-go/bip353/pkg/bolt12/bolt12.go:24.34,26.27 2 1
github.com/btc-go/bip353/pkg/bolt12/bolt12.go:26.27,28.4 1 1
github.com/btc-go/bip353/pkg/bolt12/bolt12.go:47.65,48.15 1 1
github.com/btc-go/bip353/pkg/bolt12/bolt12.go:48.15,50.3 1 1
github.com/btc-go/bip353/pkg/bolt12/bolt12.go:51.2,53.16 3 1
github.com/btc-go/bip353/pkg/bolt12/bolt12.go:53.16,55.3 1 1
github.com/btc-go/bip353/pkg/bolt12/bolt12.go:56.2,57.16 2 1
github.com/btc-go/bip353/pkg/bolt12/bolt12.go:57.16,59.3 1 1
github.com/btc-go/bip353/pkg/bolt12/bolt12.go:60.2,61.54 2 1
github.com/btc-go/bip353/pkg/bolt12/bolt12.go:61.54,63.3 1 0
github.com/btc-go/bip353/pkg/bolt12/bolt12.go:64.2,64.21 1 1
github.com/btc-go/bip353/pkg/bolt12/bolt12.go:67.33,68.15 1 1
github.com/btc-go/bip353/pkg/bolt12/bolt12.go:68.15,70.3 1 1
github.com/btc-go/bip353/pkg/bolt12/bolt12.go:71.2,72.16 2 1
github.com/btc-go/bip353/pkg/bolt12/bolt12.go:72.16,74.3 1 1
github.com/btc-go/bip353/pkg/bolt12/bolt12.go:75.2,76.12 2 1
github.com/btc-go/bip353/pkg/bolt12/bolt12.go:79.69,80.9 1 1
github.com/btc-go/bip353/pkg/bolt12/bolt12.go:81.40,82.43 1 1
github.com/btc-go/bip353/pkg/bolt12/bolt12.go:83.40,84.52 1 1
github.com/btc-go/bip353/pkg/bolt12/bolt12.go:85.40,86.45 1 1
github.com/btc-go/bip353/pkg/bolt12/bolt12.go:88.2,88.103 1 1
github.com/btc-go/bip353/pkg/bolt12/bolt12.go:93.50,95.24 2 1
github.com/btc-go/bip353/pkg/bolt12/bolt12.go:95.24,97.3 1 1
github.com/btc-go/bip353/pkg/bolt12/bolt12.go:98.2,99.29 2 1
github.com/btc-go/bip353/pkg/bolt12/bolt12.go:99.29,101.15 2 1
github.com/btc-go/bip353/pkg/bolt12/bolt12.go:101.15,103.4 1 1
github.com/btc-go/bip353/pkg/bolt12/bolt12.go:104.3,104.13 1 1
github.com/btc-go/bip353/pkg/bolt12/bolt12.go:106.2,106.31 1 1
github.com/btc-go/bip353/pkg/bolt12/bolt12.go:109.62,113.25 4 1
github.com/btc-go/bip353/pkg/bolt12/bolt12.go:113.25,116.23 3 1
github.com/btc-go/bip353/pkg/bolt12/bolt12.go:116.23,119.4 2 1
github.com/btc-go/bip353/pkg/bolt12/bolt12.go:121.2,121.35 1 1
github.com/btc-go/bip353/pkg/bolt12/bolt12.go:121.35,123.3 1 0
github.com/btc-go/bip353/pkg/bolt12/bolt12.go:124.2,124.17 1 1
github.com/btc-go/bip353/pkg/bolt12/bolt12.go:127.69,130.33 3 1
github.com/btc-go/bip353/pkg/bolt12/bolt12.go:130.33,132.17 2 1
github.com/btc-go/bip353/pkg/bolt12/bolt12.go:132.17,134.4 1 0
github.com/btc-go/bip353/pkg/bolt12/bolt12.go:135.3,137.36 2 1
github.com/btc-go/bip353/pkg/bolt12/bolt12.go:137.36,139.4 1 0
github.com/btc-go/bip353/pkg/bolt12/bolt12.go:140.3,143.17 3 1
github.com/btc-go/bip353/pkg/bolt12/bolt12.go:143.17,145.4 1 0
github.com/btc-go/bip353/pkg/bolt12/bolt12.go:146.3,148.37 2 1
github.com/btc-go/bip353/pkg/bolt12/bolt12.go:148.37,150.4 1 0
github.com/btc-go/bip353/pkg/bolt12/bolt12.go:151.3,154.75 3 1
github.com/btc-go/bip353/pkg/bolt12/bolt12.go:154.75,156.4 1 0
github.com/btc-go/bip353/pkg/bolt12/bolt12.go:158.2,158.12 1 1
github.com/btc-go/bip353/pkg/bolt12/bolt12.go:163.76,164.11 1 1
github.com/btc-go/bip353/pkg/bolt12/bolt12.go:165.27,166.39 1 1
github.com/btc-go/bip353/pkg/bolt12/bolt12.go:167.22,168.34 1 0
github.com/btc-go/bip353/pkg/bolt12/bolt12.go:169.22,170.36 1 1
github.com/btc-go/bip353/pkg/bolt12/bolt12.go:171.22,172.38 1 0
github.com/btc-go/bip353/pkg/bolt12/bolt12.go:173.27,174.39 1 0
github.com/btc-go/bip353/pkg/bolt12/bolt12.go:175.30,176.42 1 0
github.com/btc-go/bip353/pkg/bolt12/bolt12.go:178.2,178.37 1 1
github.com/btc-go/bip353/pkg/bolt12/bolt12.go:183.81,184.11 1 1
github.com/btc-go/bip353/pkg/bolt12/bolt12.go:185.24,186.18 1 0
github.com/btc-go/bip353/pkg/bolt12/bolt12.go:186.18,188.4 1 0
github.com/btc-go/bip353/pkg/bolt12/bolt12.go:189.3,189.25 1 0
github.com/btc-go/bip353/pkg/bolt12/bolt12.go:190.24,191.30 1 0
github.com/btc-go/bip353/pkg/bolt12/bolt12.go:192.21,194.17 2 1
github.com/btc-go/bip353/pkg/bolt12/bolt12.go:194.17,196.4 1 0
github.com/btc-go/bip353/pkg/bolt12/bolt12.go:197.3,197.18 1 1
github.com/btc-go/bip353/pkg/bolt12/bolt12.go:198.22,199.36 1 0
github.com/btc-go/bip353/pkg/bolt12/bolt12.go:199.36,201.4 1 0
github.com/btc-go/bip353/pkg/bolt12/bolt12.go:202.3,202.31 1 0
github.com/btc-go/bip353/pkg/bolt12/bolt12.go:203.24,204.33 1 1
github.com/btc-go/bip353/pkg/bolt12/bolt12.go:205.25,206.19 1 0
github.com/btc-go/bip353/pkg/bolt12/bolt12.go:206.19,208.4 1 0
github.com/btc-go/bip353/pkg/bolt12/bolt12.go:209.3,209.34 1 0
github.com/btc-go/bip353/pkg/bolt12/bolt12.go:211.2,211.12 1 1
github.com/btc-go/bip353/pkg/bolt12/bolt12.go:214.46,215.20 1 1
github.com/btc-go/bip353/pkg/bolt12/bolt12.go:215.20,217.3 1 0
github.com/btc-go/bip353/pkg/bolt12/bolt12.go:218.2,219.12 2 1
github.com/btc-go/bip353/pkg/bolt12/bolt12.go:222.48,223.18 1 1
github.com/btc-go/bip353/pkg/bolt12/bolt12.go:223.18,225.3 1 0
github.com/btc-go/bip353/pkg/bolt12/bolt12.go:226.2,226.34 1 1
github.com/btc-go/bip353/pkg/bolt12/bolt12.go:226.34,228.3 1 0
github.com/btc-go/bip353/pkg/bolt12/bolt12.go:229.2,230.12 2 1
github.com/btc-go/bip353/pkg/bolt12/bolt12.go:233.46,235.16 2 0
github.com/btc-go/bip353/pkg/bolt12/bolt12.go:235.16,237.3 1 0
github.com/btc-go/bip353/pkg/bolt12/bolt12.go:238.2,239.12 2 0
github.com/btc-go/bip353/pkg/bolt12/bolt12.go:242.67,245.33 3 1
github.com/btc-go/bip353/pkg/bolt12/bolt12.go:245.33,246.35 1 1
github.com/btc-go/bip353/pkg/bolt12/bolt12.go:246.35,248.4 1 0
github.com/btc-go/bip353/pkg/bolt12/bolt12.go:249.3,256.17 4 1
github.com/btc-go/bip353/pkg/bolt12/bolt12.go:256.17,258.4 1 0
github.com/btc-go/bip353/pkg/bolt12/bolt12.go:259.3,261.31 2 1
github.com/btc-go/bip353/pkg/bolt12/bolt12.go:261.31,263.4 1 0
github.com/btc-go/bip353/pkg/bolt12/bolt12.go:265.3,266.28 2 1
github.com/btc-go/bip353/pkg/bolt12/bolt12.go:266.28,268.18 2 1
github.com/btc-go/bip353/pkg/bolt12/bolt12.go:268.18,270.5 1 0
github.com/btc-go/bip353/pkg/bolt12/bolt12.go:271.4,272.12 2 1
github.com/btc-go/bip353/pkg/bolt12/bolt12.go:274.3,274.30 1 1
github.com/btc-go/bip353/pkg/bolt12/bolt12.go:276.2,276.19 1 1
github.com/btc-go/bip353/pkg/bolt12/bolt12.go:279.76,282.26 3 1
github.com/btc-go/bip353/pkg/bolt12/bolt12.go:282.26,284.3 1 0
github.com/btc-go/bip353/pkg/bolt12/bolt12.go:285.2,288.23 3 1
github.com/btc-go/bip353/pkg/bolt12/bolt12.go:288.23,290.3 1 0
github.com/btc-go/bip353/pkg/bolt12/bolt12.go:291.2,294.28 3 1
github.com/btc-go/bip353/pkg/bolt12/bolt12.go:294.28,296.3 1 0
github.com/btc-go/bip353/pkg/bolt12/bolt12.go:297.2,300.22 3 1
github.com/btc-go/bip353/pkg/bolt12/bolt12.go:303.49,304.17 1 1
github.com/btc-go/bip353/pkg/bolt12/bolt12.go:304.17,306.3 1 0
github.com/btc-go/bip353/pkg/bolt12/bolt12.go:307.2,307.9 1 1
github.com/btc-go/bip353/pkg/bolt12/bolt12.go:308.20,309.30 1 1
github.com/btc-go/bip353/pkg/bolt12/bolt12.go:310.20,311.17 1 0
github.com/btc-go/bip353/pkg/bolt12/bolt12.go:311.17,313.4 1 0
github.com/btc-go/bip353/pkg/bolt12/bolt12.go:314.3,315.15 2 0
github.com/btc-go/bip353/pkg/bolt12/bolt12.go:315.15,317.4 1 0
github.com/btc-go/bip353/pkg/bolt12/bolt12.go:318.3,318.27 1 0
github.com/btc-go/bip353/pkg/bolt12/bolt12.go:319.20,320.17 1 0
github.com/btc-go/bip353/pkg/bolt12/bolt12.go:320.17,322.4 1 0
github.com/btc-go/bip353/pkg/bolt12/bolt12.go:323.3,324.18 2 0
github.com/btc-go/bip353/pkg/bolt12/bolt12.go:324.18,326.4 1 0
github.com/btc-go/bip353/pkg/bolt12/bolt12.go:327.3,327.27 1 0
github.com/btc-go/bip353/pkg/bolt12/bolt12.go:328.10,329.17 1 0
github.com/btc-go/bip353/pkg/bolt12/bolt12.go:329.17,331.4 1 0
github.com/btc-go/bip353/pkg/bolt12/bolt12.go:332.3,333.22 2 0
github.com/btc-go/bip353/pkg/bolt12/bolt12.go:333.22,335.4 1 0
github.com/btc-go/bip353/pkg/bolt12/bolt12.go:336.3,336.19 1 0
github.com/btc-go/bip353/pkg/bolt12/bolt12.go:340.41,341.9 1 0
github.com/btc-go/bip353/pkg/bolt12/bolt12.go:342.18,343.60 1 0
github.com/btc-go/bip353/pkg/bolt12/bolt12.go:344.19,345.16 1 0
github.com/btc-go/bip353/pkg/bolt12/bolt12.go:346.34,347.61 1 0
github.com/btc-go/bip353/pkg/bolt12/bolt12.go:349.2,351.45 3 0
github.com/btc-go/bip353/pkg/builder/builder.go:21.55,26.2 1 0
github.com/btc-go/bip353/pkg/builder/builder.go:28.64,30.2 1 0
github.com/btc-go/bip353/pkg/builder/builder.go:32.68,34.2 1 0
github.com/btc-go/bip353/pkg/builder/builder.go:36.70,38.2 1 0
github.com/btc-go/bip353/pkg/builder/builder.go:40.60,42.2 1 0
github.com/btc-go/bip353/pkg/builder/builder.go:44.63,46.2 1 0
github.com/btc-go/bip353/pkg/builder/builder.go:51.46,52.43 1 0
github.com/btc-go/bip353/pkg/builder/builder.go:52.43,54.3 1 0
github.com/btc-go/bip353/pkg/builder/builder.go:55.2,58.29 4 0
github.com/btc-go/bip353/pkg/builder/builder.go:58.29,59.13 1 0
github.com/btc-go/bip353/pkg/builder/builder.go:59.13,61.4 1 0
github.com/btc-go/bip353/pkg/builder/builder.go:61.9,63.4 1 0
github.com/btc-go/bip353/pkg/builder/builder.go:64.3,66.42 3 0
github.com/btc-go/bip353/pkg/builder/builder.go:68.2,68.25 1 0
github.com/btc-go/bip353/pkg/builder/builder.go:71.41,73.16 2 0
github.com/btc-go/bip353/pkg/builder/builder.go:73.16,74.33 1 0
github.com/btc-go/bip353/pkg/builder/builder.go:76.2,76.12 1 0
github.com/btc-go/bip353/pkg/builder/builder.go:79.57,80.46 1 0
github.com/btc-go/bip353/pkg/builder/builder.go:80.46,82.3 1 0
github.com/btc-go/bip353/pkg/builder/builder.go:82.8,85.3 2 0
github.com/btc-go/bip353/pkg/builder/builder.go:86.2,86.10 1 0
github.com/btc-go/bip353/pkg/resolver/resolver.go:40.31,45.2 1 0
github.com/btc-go/bip353/pkg/resolver/resolver.go:52.34,54.14 2 0
github.com/btc-go/bip353/pkg/resolver/resolver.go:54.14,56.3 1 0
github.com/btc-go/bip353/pkg/resolver/resolver.go:57.2,57.44 1 0
github.com/btc-go/bip353/pkg/resolver/resolver.go:60.100,62.16 2 0
github.com/btc-go/bip353/pkg/resolver/resolver.go:62.16,64.3 1 0
github.com/btc-go/bip353/pkg/resolver/resolver.go:65.2,65.31 1 0
github.com/btc-go/bip353/pkg/resolver/resolver.go:68.109,70.2 1 0
github.com/btc-go/bip353/pkg/resolver/resolver.go:72.119,75.16 3 0
github.com/btc-go/bip353/pkg/resolver/resolver.go:75.16,76.22 1 0
github.com/btc-go/bip353/pkg/resolver/resolver.go:76.22,78.4 1 0
github.com/btc-go/bip353/pkg/resolver/resolver.go:79.3,79.72 1 0
github.com/btc-go/bip353/pkg/resolver/resolver.go:82.2,83.38 2 0
github.com/btc-go/bip353/pkg/resolver/resolver.go:83.38,84.58 1 0
github.com/btc-go/bip353/pkg/resolver/resolver.go:84.58,85.31 1 0
github.com/btc-go/bip353/pkg/resolver/resolver.go:85.31,87.5 1 0
github.com/btc-go/bip353/pkg/resolver/resolver.go:88.4,88.46 1 0
github.com/btc-go/bip353/pkg/resolver/resolver.go:91.2,91.29 1 0
github.com/btc-go/bip353/pkg/resolver/resolver.go:91.29,93.3 1 0
github.com/btc-go/bip353/pkg/resolver/resolver.go:94.2,94.28 1 0
github.com/btc-go/bip353/pkg/resolver/resolver.go:94.28,96.3 1 0
github.com/btc-go/bip353/pkg/resolver/resolver.go:98.2,100.16 3 0
github.com/btc-go/bip353/pkg/resolver/resolver.go:100.16,102.3 1 0
github.com/btc-go/bip353/pkg/resolver/resolver.go:103.2,108.18 5 0
github.com/btc-go/bip353/pkg/resolver/resolver.go:114.33,119.2 2 0
github.com/btc-go/bip353/pkg/resolver/resolver.go:121.84,123.16 2 0
github.com/btc-go/bip353/pkg/resolver/resolver.go:123.16,125.3 1 0
github.com/btc-go/bip353/pkg/resolver/resolver.go:126.2,127.16 2 0
github.com/btc-go/bip353/pkg/resolver/resolver.go:127.16,129.3 1 0
github.com/btc-go/bip353/pkg/resolver/resolver.go:130.2,138.52 2 0
github.com/btc-go/bip353/pkg/resolver/resolver.go:138.52,140.32 2 0
github.com/btc-go/bip353/pkg/resolver/resolver.go:140.32,142.4 1 0
github.com/btc-go/bip353/pkg/resolver/resolver.go:144.2,144.48 1 0
github.com/btc-go/bip353/pkg/resolver/resolver.go:144.48,146.26 2 0
github.com/btc-go/bip353/pkg/resolver/resolver.go:146.26,147.59 1 0
github.com/btc-go/bip353/pkg/resolver/resolver.go:147.59,149.5 1 0
github.com/btc-go/bip353/pkg/resolver/resolver.go:152.2,152.54 1 0
github.com/btc-go/bip353/pkg/resolver/resolver.go:152.54,154.3 1 0
github.com/btc-go/bip353/pkg/resolver/resolver.go:155.2,155.45 1 0
github.com/btc-go/bip353/pkg/resolver/resolver.go:155.45,157.33 2 0
github.com/btc-go/bip353/pkg/resolver/resolver.go:157.33,158.60 1 0
github.com/btc-go/bip353/pkg/resolver/resolver.go:158.60,160.5 1 0
github.com/btc-go/bip353/pkg/resolver/resolver.go:163.2,163.34 1 0
github.com/btc-go/bip353/pkg/resolver/resolver.go:163.34,164.36 1 0
github.com/btc-go/bip353/pkg/resolver/resolver.go:164.36,166.4 1 0
github.com/btc-go/bip353/pkg/resolver/resolver.go:168.2,168.18 1 0
github.com/btc-go/bip353/pkg/resolver/resolver.go:171.49,173.16 2 0
github.com/btc-go/bip353/pkg/resolver/resolver.go:173.16,175.3 1 0
github.com/btc-go/bip353/pkg/resolver/resolver.go:176.2,176.27 1 0
github.com/btc-go/bip353/pkg/resolver/resolver.go:179.59,185.18 6 0
github.com/btc-go/bip353/pkg/resolver/resolver.go:185.18,187.3 1 0
github.com/btc-go/bip353/pkg/resolver/resolver.go:188.2,188.28 1 0
github.com/btc-go/bip353/pkg/resolver/resolver.go:188.28,190.40 2 0
github.com/btc-go/bip353/pkg/resolver/resolver.go:190.40,191.27 1 0
github.com/btc-go/bip353/pkg/resolver/resolver.go:191.27,193.5 1 0
github.com/btc-go/bip353/pkg/resolver/resolver.go:194.4,194.22 1 0
github.com/btc-go/bip353/pkg/resolver/resolver.go:194.22,196.5 1 0
github.com/btc-go/bip353/pkg/resolver/resolver.go:197.4,197.22 1 0
github.com/btc-go/bip353/pkg/resolver/resolver.go:197.22,199.5 1 0
github.com/btc-go/bip353/pkg/resolver/resolver.go:200.4,200.24 1 0
github.com/btc-go/bip353/pkg/resolver/resolver.go:200.24,202.5 1 0
github.com/btc-go/bip353/pkg/resolver/resolver.go:203.4,203.28 1 0
github.com/btc-go/bip353/pkg/resolver/resolver.go:203.28,205.5 1 0
github.com/btc-go/bip353/pkg/resolver/resolver.go:208.2,208.30 1 0
github.com/btc-go/bip353/pkg/resolver/resolver.go:208.30,210.3 1 0
github.com/btc-go/bip353/pkg/resolver/resolver.go:211.2,211.31 1 0
github.com/btc-go/bip353/pkg/resolver/resolver.go:211.31,213.37 2 0
github.com/btc-go/bip353/pkg/resolver/resolver.go:213.37,214.48 1 0
github.com/btc-go/bip353/pkg/resolver/resolver.go:214.48,216.5 1 0
github.com/btc-go/bip353/pkg/resolver/resolver.go:219.2,219.37 1 0
github.com/btc-go/bip353/pkg/resolver/resolver.go:219.37,221.47 2 0
github.com/btc-go/bip353/pkg/resolver/resolver.go:221.47,224.4 2 0
github.com/btc-go/bip353/pkg/resolver/resolver.go:226.2,226.19 1 0
github.com/btc-go/bip353/pkg/resolver/resolver.go:229.36,230.17 1 0
github.com/btc-go/bip353/pkg/resolver/resolver.go:230.17,232.3 1 0
github.com/btc-go/bip353/pkg/resolver/resolver.go:233.2,233.22 1 0
github.com/btc-go/bip353/pkg/resolver/resolver.go:236.111,249.64 4 0
github.com/btc-go/bip353/pkg/resolver/resolver.go:249.64,251.3 1 0
github.com/btc-go/bip353/pkg/resolver/resolver.go:252.2,252.20 1 0
github.com/btc-go/bip353/pkg/resolver/resolver.go:252.20,254.3 1 0
github.com/btc-go/bip353/pkg/resolver/resolver.go:256.2,257.36 2 0
github.com/btc-go/bip353/pkg/resolver/resolver.go:257.36,258.86 1 0
github.com/btc-go/bip353/pkg/resolver/resolver.go:258.86,260.4 1 0
github.com/btc-go/bip353/pkg/resolver/resolver.go:262.2,262.29 1 0
github.com/btc-go/bip353/pkg/resolver/resolver.go:262.29,264.3 1 0
github.com/btc-go/bip353/pkg/resolver/resolver.go:265.2,265.28 1 0
github.com/btc-go/bip353/pkg/resolver/resolver.go:265.28,267.3 1 0
github.com/btc-go/bip353/pkg/resolver/resolver.go:269.2,272.16 4 0
github.com/btc-go/bip353/pkg/resolver/resolver.go:272.16,274.3 1 0
github.com/btc-go/bip353/pkg/resolver/resolver.go:275.2,280.18 5 0
github.com/btc-go/bip353/pkg/silentpayment/silentpayment.go:15.13,16.28 1 0
github.com/btc-go/bip353/pkg/silentpayment/silentpayment.go:16.28,18.3 1 0
github.com/btc-go/bip353/pkg/silentpayment/silentpayment.go:19.2,19.34 1 0
github.com/btc-go/bip353/pkg/silentpayment/silentpayment.go:19.34,21.27 2 0
github.com/btc-go/bip353/pkg/silentpayment/silentpayment.go:21.27,23.4 1 0
github.com/btc-go/bip353/pkg/silentpayment/silentpayment.go:34.56,35.34 1 0
github.com/btc-go/bip353/pkg/silentpayment/silentpayment.go:35.34,36.42 1 0
github.com/btc-go/bip353/pkg/silentpayment/silentpayment.go:36.42,38.4 1 0
github.com/btc-go/bip353/pkg/silentpayment/silentpayment.go:40.2,40.15 1 0
github.com/btc-go/bip353/pkg/silentpayment/silentpayment.go:44.63,45.16 1 0
github.com/btc-go/bip353/pkg/silentpayment/silentpayment.go:45.16,47.3 1 0
github.com/btc-go/bip353/pkg/silentpayment/silentpayment.go:48.2,50.15 3 0
github.com/btc-go/bip353/pkg/silentpayment/silentpayment.go:50.15,52.3 1 0
github.com/btc-go/bip353/pkg/silentpayment/silentpayment.go:53.2,54.23 2 0
github.com/btc-go/bip353/pkg/silentpayment/silentpayment.go:54.23,56.3 1 0
github.com/btc-go/bip353/pkg/silentpayment/silentpayment.go:57.2,58.37 2 0
github.com/btc-go/bip353/pkg/silentpayment/silentpayment.go:58.37,60.15 2 0
github.com/btc-go/bip353/pkg/silentpayment/silentpayment.go:60.15,62.4 1 0
github.com/btc-go/bip353/pkg/silentpayment/silentpayment.go:63.3,63.17 1 0
github.com/btc-go/bip353/pkg/silentpayment/silentpayment.go:65.2,65.53 1 0
github.com/btc-go/bip353/pkg/silentpayment/silentpayment.go:65.53,67.3 1 0
github.com/btc-go/bip353/pkg/silentpayment/silentpayment.go:68.2,69.22 2 0
github.com/btc-go/bip353/pkg/silentpayment/silentpayment.go:69.22,71.3 1 0
github.com/btc-go/bip353/pkg/silentpayment/silentpayment.go:72.2,73.18 2 0
github.com/btc-go/bip353/pkg/silentpayment/silentpayment.go:73.18,75.3 1 0
github.com/btc-go/bip353/pkg/silentpayment/silentpayment.go:76.2,77.16 2 0
github.com/btc-go/bip353/pkg/silentpayment/silentpayment.go:77.16,79.3 1 0
github.com/btc-go/bip353/pkg/silentpayment/silentpayment.go:80.2,80.18 1 0
github.com/btc-go/bip353/pkg/silentpayment/silentpayment.go:80.18,81.25 1 0
github.com/btc-go/bip353/pkg/silentpayment/silentpayment.go:81.25,83.4 1 0
github.com/btc-go/bip353/pkg/silentpayment/silentpayment.go:84.3,85.56 2 0
github.com/btc-go/bip353/pkg/silentpayment/silentpayment.go:85.56,87.4 1 0
github.com/btc-go/bip353/pkg/silentpayment/silentpayment.go:88.3,88.57 1 0
github.com/btc-go/bip353/pkg/silentpayment/silentpayment.go:88.57,90.4 1 0
github.com/btc-go/bip353/pkg/silentpayment/silentpayment.go:91.3,96.9 1 0
github.com/btc-go/bip353/pkg/silentpayment/silentpayment.go:98.2,98.77 1 0
github.com/btc-go/bip353/pkg/silentpayment/silentpayment.go:102.34,105.2 2 0
github.com/btc-go/bip353/pkg/silentpayment/silentpayment.go:107.47,108.18 1 0
github.com/btc-go/bip353/pkg/silentpayment/silentpayment.go:108.18,110.3 1 0
github.com/btc-go/bip353/pkg/silentpayment/silentpayment.go:111.2,111.34 1 0
github.com/btc-go/bip353/pkg/silentpayment/silentpayment.go:111.34,113.3 1 0
github.com/btc-go/bip353/pkg/silentpayment/silentpayment.go:114.2,114.12 1 0
github.com/btc-go/bip353/pkg/silentpayment/silentpayment.go:117.52,119.51 2 0
github.com/btc-go/bip353/pkg/silentpayment/silentpayment.go:119.51,121.3 1 0
github.com/btc-go/bip353/pkg/silentpayment/silentpayment.go:122.2,122.12 1 0
github.com/btc-go/bip353/pkg/silentpayment/silentpayment.go:125.35,127.32 2 0
github.com/btc-go/bip353/pkg/silentpayment/silentpayment.go:127.32,130.3 2 0
github.com/btc-go/bip353/pkg/silentpayment/silentpayment.go:131.2,132.12 2 0
github.com/btc-go/bip353/pkg/silentpayment/silentpayment.go:135.39,138.27 3 0
github.com/btc-go/bip353/pkg/silentpayment/silentpayment.go:138.27,139.23 1 0
github.com/btc-go/bip353/pkg/silentpayment/silentpayment.go:139.23,142.27 3 0
github.com/btc-go/bip353/pkg/silentpayment/silentpayment.go:142.27,143.28 1 0
github.com/btc-go/bip353/pkg/silentpayment/silentpayment.go:143.28,145.6 1 0
github.com/btc-go/bip353/pkg/silentpayment/silentpayment.go:149.2,149.12 1 0
github.com/btc-go/bip353/pkg/silentpayment/silentpayment.go:152.80,156.25 4 0
github.com/btc-go/bip353/pkg/silentpayment/silentpayment.go:156.25,159.27 3 0
github.com/btc-go/bip353/pkg/silentpayment/silentpayment.go:159.27,162.4 2 0
github.com/btc-go/bip353/pkg/silentpayment/silentpayment.go:164.2,164.9 1 0
github.com/btc-go/bip353/pkg/silentpayment/silentpayment.go:164.9,165.15 1 0
github.com/btc-go/bip353/pkg/silentpayment/silentpayment.go:165.15,167.4 1 0
github.com/btc-go/bip353/pkg/silentpayment/silentpayment.go:168.8,168.73 1 0
github.com/btc-go/bip353/pkg/silentpayment/silentpayment.go:168.73,170.3 1 0
github.com/btc-go/bip353/pkg/silentpayment/silentpayment.go:171.2,171.17 1 0
github.com/btc-go/bip353/pkg/types/types.go:32.38,33.11 1 0
github.com/btc-go/bip353/pkg/types/types.go:34.26,35.19 1 0
github.com/btc-go/bip353/pkg/types/types.go:36.34,37.28 1 0
github.com/btc-go/bip353/pkg/types/types.go:38.34,39.28 1 0
github.com/btc-go/bip353/pkg/types/types.go:40.32,41.26 1 0
github.com/btc-go/bip353/pkg/types/types.go:42.10,43.19 1 0
github.com/btc-go/bip353/pkg/types/types.go:55.37,56.11 1 0
github.com/btc-go/bip353/pkg/types/types.go:57.23,58.17 1 0
github.com/btc-go/bip353/pkg/types/types.go:59.32,60.27 1 0
github.com/btc-go/bip353/pkg/types/types.go:61.25,62.19 1 0
github.com/btc-go/bip353/pkg/types/types.go:63.10,64.19 1 0
github.com/btc-go/bip353/pkg/types/types.go:73.47,75.2 1 0
github.com/btc-go/bip353/pkg/types/types.go:79.48,83.20 3 0
github.com/btc-go/bip353/pkg/types/types.go:83.20,84.60 1 0
github.com/btc-go/bip353/pkg/types/types.go:84.60,86.4 1 0
github.com/btc-go/bip353/pkg/types/types.go:89.2,89.22 1 0
github.com/btc-go/bip353/pkg/types/types.go:89.22,91.57 2 0
github.com/btc-go/bip353/pkg/types/types.go:91.57,93.4 1 0
github.com/btc-go/bip353/pkg/types/types.go:96.2,96.37 1 0
github.com/btc-go/bip353/pkg/types/types.go:96.37,98.3 1 0
github.com/btc-go/bip353/pkg/types/types.go:99.2,99.65 1 0
github.com/btc-go/bip353/pkg/types/types.go:159.75,160.16 1 0
github.com/btc-go/bip353/pkg/types/types.go:160.16,162.3 1 0
github.com/btc-go/bip353/pkg/types/types.go:163.2,166.38 4 0
github.com/btc-go/bip353/pkg/types/types.go:166.38,168.3 1 0
github.com/btc-go/bip353/pkg/types/types.go:169.2,171.43 3 0
github.com/btc-go/bip353/pkg/types/types.go:171.43,173.3 1 0
github.com/btc-go/bip353/pkg/types/types.go:174.2,174.47 1 0
github.com/btc-go/bip353/pkg/types/types.go:174.47,176.3 1 0
github.com/btc-go/bip353/pkg/types/types.go:177.2,177.62 1 0
github.com/btc-go/bip353/pkg/types/types.go:180.38,181.16 1 0
github.com/btc-go/bip353/pkg/types/types.go:181.16,183.3 1 0
github.com/btc-go/bip353/pkg/types/types.go:184.2,184.20 1 0
github.com/btc-go/bip353/pkg/types/types.go:184.20,186.3 1 0
github.com/btc-go/bip353/pkg/types/types.go:187.2,187.20 1 0
github.com/btc-go/bip353/pkg/types/types.go:187.20,188.49 1 0
github.com/btc-go/bip353/pkg/types/types.go:188.49,190.4 1 0
github.com/btc-go/bip353/pkg/types/types.go:192.2,192.25 1 0
github.com/btc-go/bip353/pkg/types/types.go:192.25,193.52 1 0
github.com/btc-go/bip353/pkg/types/types.go:193.52,195.4 1 0
github.com/btc-go/bip353/pkg/types/types.go:197.2,197.12 1 0
github.com/btc-go/bip353/pkg/types/types.go:200.42,201.18 1 0
github.com/btc-go/bip353/pkg/types/types.go:201.18,203.3 1 0
github.com/btc-go/bip353/pkg/types/types.go:204.2,205.17 2 0
github.com/btc-go/bip353/pkg/types/types.go:205.17,206.47 1 0
github.com/btc-go/bip353/pkg/types/types.go:206.47,207.23 1 0
github.com/btc-go/bip353/pkg/types/types.go:207.23,208.52 1 0
github.com/btc-go/bip353/pkg/types/types.go:208.52,210.6 1 0
github.com/btc-go/bip353/pkg/types/types.go:213.3,213.51 1 0
github.com/btc-go/bip353/pkg/types/types.go:213.51,215.4 1 0
github.com/btc-go/bip353/pkg/types/types.go:217.2,217.18 1 0
github.com/btc-go/bip353/pkg/types/types.go:217.18,219.3 1 0
github.com/btc-go/bip353/pkg/types/types.go:220.2,221.21 2 0
github.com/btc-go/bip353/pkg/types/types.go:221.21,223.3 1 0
github.com/btc-go/bip353/pkg/types/types.go:224.2,224.31 1 0
github.com/btc-go/bip353/pkg/types/types.go:224.31,225.37 1 0
github.com/btc-go/bip353/pkg/types/types.go:225.37,227.4 1 0
github.com/btc-go/bip353/pkg/types/types.go:228.3,228.21 1 0
github.com/btc-go/bip353/pkg/types/types.go:228.21,229.77 1 0
github.com/btc-go/bip353/pkg/types/types.go:229.77,231.5 1 0
github.com/btc-go/bip353/pkg/types/types.go:234.2,234.12 1 0
github.com/btc-go/bip353/pkg/types/types.go:241.40,243.22 2 0
github.com/btc-go/bip353/pkg/types/types.go:243.22,244.44 1 0
github.com/btc-go/bip353/pkg/types/types.go:244.44,245.28 1 0
github.com/btc-go/bip353/pkg/types/types.go:245.28,247.10 2 0
github.com/btc-go/bip353/pkg/types/types.go:251.2,253.22 3 0
github.com/btc-go/bip353/pkg/types/types.go:253.22,255.3 1 0
github.com/btc-go/bip353/pkg/types/types.go:256.2,256.12 1 0
github.com/btc-go/bip353/pkg/types/types.go:259.29,260.30 1 0
github.com/btc-go/bip353/pkg/types/types.go:260.30,261.17 1 0
github.com/btc-go/bip353/pkg/types/types.go:261.17,263.4 1 0
github.com/btc-go/bip353/pkg/types/types.go:265.2,265.13 1 0
github.com/btc-go/bip353/pkg/types/types.go:268.30,270.2 1 0
github.com/btc-go/bip353/pkg/types/types.go:272.52,274.27 2 0
github.com/btc-go/bip353/pkg/types/types.go:274.27,276.3 1 0
github.com/btc-go/bip353/pkg/types/types.go:277.2,277.19 1 0
github.com/btc-go/bip353/pkg/types/types.go:280.54,281.15 1 0
github.com/btc-go/bip353/pkg/types/types.go:281.15,283.3 1 0
github.com/btc-go/bip353/pkg/types/types.go:284.2,284.58 1 0
github.com/btc-go/bip353/pkg/types/types.go:284.58,286.3 1 0
github.com/btc-go/bip353/pkg/types/types.go:287.2,291.39 5 0
github.com/btc-go/bip353/pkg/types/types.go:291.39,293.17 2 0
github.com/btc-go/bip353/pkg/types/types.go:293.17,295.4 1 0
github.com/btc-go/bip353/pkg/types/types.go:296.3,297.32 2 0
github.com/btc-go/bip353/pkg/types/types.go:297.32,298.36 1 0
github.com/btc-go/bip353/pkg/types/types.go:298.36,300.18 2 0
github.com/btc-go/bip353/pkg/types/types.go:300.18,302.6 1 0
github.com/btc-go/bip353/pkg/types/types.go:306.2,306.20 1 0
github.com/btc-go/bip353/pkg/types/types.go:311.72,312.36 1 0
github.com/btc-go/bip353/pkg/types/types.go:312.36,314.3 1 0
github.com/btc-go/bip353/pkg/types/types.go:315.2,315.35 1 0
github.com/btc-go/bip353/pkg/types/types.go:315.35,317.3 1 0
github.com/btc-go/bip353/pkg/types/types.go:318.2,318.42 1 0
github.com/btc-go/bip353/pkg/types/types.go:318.42,320.3 1 0
github.com/btc-go/bip353/pkg/types/types.go:321.2,321.26 1 0
github.com/btc-go/bip353/pkg/types/types.go:321.26,323.3 1 0
github.com/btc-go/bip353/pkg/types/types.go:324.2,324.66 1 0
github.com/btc-go/bip353/pkg/types/types.go:324.66,326.3 1 0
github.com/btc-go/bip353/pkg/types/types.go:327.2,327.54 1 0
github.com/btc-go/bip353/transport/doh.go:30.62,32.9 2 0
github.com/btc-go/bip353/transport/doh.go:32.9,34.3 1 0
github.com/btc-go/bip353/transport/doh.go:35.2,38.8 1 0
github.com/btc-go/bip353/transport/doh.go:41.69,42.57 1 0
github.com/btc-go/bip353/transport/doh.go:42.57,44.3 1 0
github.com/btc-go/bip353/transport/doh.go:45.2,48.8 1 0
github.com/btc-go/bip353/transport/doh.go:51.90,53.2 1 0
github.com/btc-go/bip353/transport/doh.go:55.85,57.19 2 0
github.com/btc-go/bip353/transport/doh.go:57.19,59.3 1 0
github.com/btc-go/bip353/transport/doh.go:60.2,61.39 2 0
github.com/btc-go/bip353/transport/doh.go:61.39,63.17 2 0
github.com/btc-go/bip353/transport/doh.go:63.17,65.12 2 0
github.com/btc-go/bip353/transport/doh.go:67.3,67.19 1 0
github.com/btc-go/bip353/transport/doh.go:69.2,69.66 1 0
github.com/btc-go/bip353/transport/doh.go:74.108,76.16 2 0
github.com/btc-go/bip353/transport/doh.go:76.16,78.3 1 0
github.com/btc-go/bip353/transport/doh.go:79.2,83.16 4 0
github.com/btc-go/bip353/transport/doh.go:83.16,85.3 1 0
github.com/btc-go/bip353/transport/doh.go:86.2,86.15 1 0
github.com/btc-go/bip353/transport/doh.go:86.15,86.40 1 0
github.com/btc-go/bip353/transport/doh.go:88.2,88.38 1 0
github.com/btc-go/bip353/transport/doh.go:88.38,90.3 1 0
github.com/btc-go/bip353/transport/doh.go:92.2,93.16 2 0
github.com/btc-go/bip353/transport/doh.go:93.16,95.3 1 0
github.com/btc-go/bip353/transport/doh.go:96.2,96.18 1 0
github.com/btc-go/bip353/transport/tor.go:32.76,33.21 1 0
github.com/btc-go/bip353/transport/tor.go:33.21,35.3 1 0
github.com/btc-go/bip353/transport/tor.go:36.2,36.59 1 0
github.com/btc-go/bip353/transport/tor.go:36.59,38.3 1 0
github.com/btc-go/bip353/transport/tor.go:40.2,42.48 3 0
github.com/btc-go/bip353/transport/tor.go:42.48,44.3 1 0
github.com/btc-go/bip353/transport/tor.go:44.8,46.3 1 0
github.com/btc-go/bip353/transport/tor.go:47.2,47.16 1 0
github.com/btc-go/bip353/transport/tor.go:47.16,49.3 1 0
github.com/btc-go/bip353/transport/tor.go:51.2,52.16 2 0
github.com/btc-go/bip353/transport/tor.go:52.16,54.3 1 0
github.com/btc-go/bip353/transport/tor.go:56.2,57.51 2 0
github.com/btc-go/bip353/transport/tor.go:57.51,59.3 1 0
github.com/btc-go/bip353/transport/tor.go:59.8,60.81 1 0
github.com/btc-go/bip353/transport/tor.go:60.81,62.4 1 0
github.com/btc-go/bip353/transport/tor.go:65.2,77.59 2 0
github.com/btc-go/bip353/transport/tor.go:80.90,82.16 2 0
github.com/btc-go/bip353/transport/tor.go:82.16,84.3 1 0
github.com/btc-go/bip353/transport/tor.go:85.2,85.20 1 0
github.com/btc-go/bip353/transport/tor.go:89.44,91.16 2 0
github.com/btc-go/bip353/transport/tor.go:91.16,93.3 1 0
github.com/btc-go/bip353/transport/tor.go:94.2,95.12 2 0
github.com/btc-go/bip353/transport/transport.go:46.116,48.39 2 0
github.com/btc-go/bip353/transport/transport.go:48.39,50.3 1 0
github.com/btc-go/bip353/transport/transport.go:51.2,53.6 2 0
github.com/btc-go/bip353/transport/transport.go:53.6,54.10 1 0
github.com/btc-go/bip353/transport/transport.go:55.21,56.69 1 0
github.com/btc-go/bip353/transport/transport.go:57.11,57.11 0 0
github.com/btc-go/bip353/transport/transport.go:60.3,61.19 2 0
github.com/btc-go/bip353/transport/transport.go:61.19,62.9 1 0
github.com/btc-go/bip353/transport/transport.go:65.3,66.17 2 0
github.com/btc-go/bip353/transport/transport.go:66.17,68.4 1 0
github.com/btc-go/bip353/transport/transport.go:70.3,70.55 1 0
github.com/btc-go/bip353/transport/transport.go:70.55,72.4 1 0
github.com/btc-go/bip353/transport/transport.go:75.2,76.18 2 0
github.com/btc-go/bip353/transport/transport.go:76.18,78.3 1 0
github.com/btc-go/bip353/transport/transport.go:80.2,80.79 1 0
github.com/btc-go/bip353/transport/transport.go:83.79,92.64 2 0
github.com/btc-go/bip353/transport/transport.go:92.64,94.3 1 0
github.com/btc-go/bip353/transport/transport.go:95.2,95.20 1 0
github.com/btc-go/bip353/transport/transport.go:95.20,97.3 1 0
github.com/btc-go/bip353/transport/transport.go:98.2,102.36 2 0
github.com/btc-go/bip353/transport/transport.go:102.36,103.23 1 0
github.com/btc-go/bip353/transport/transport.go:103.23,105.4 1 0
github.com/btc-go/bip353/transport/transport.go:107.2,107.20 1 0
github.com/btc-go/bip353/transport/transport.go:117.60,122.2 1 0
github.com/btc-go/bip353/transport/transport.go:124.95,129.2 1 0
github.com/btc-go/bip353/transport/transport.go:131.101,133.2 1 0
github.com/btc-go/bip353/transport/transport.go:135.96,137.18 2 0
github.com/btc-go/bip353/transport/transport.go:137.18,139.3 1 0
github.com/btc-go/bip353/transport/transport.go:140.2,141.35 2 0
github.com/btc-go/bip353/transport/transport.go:141.35,143.17 2 0
github.com/btc-go/bip353/transport/transport.go:143.17,145.12 2 0
github.com/btc-go/bip353/transport/transport.go:147.3,147.19 1 0
github.com/btc-go/bip353/transport/transport.go:149.2,149.63 1 0
github.com/btc-go/bip353/transport/transport.go:154.108,157.16 3 0
github.com/btc-go/bip353/transport/transport.go:157.16,159.3 1 0
github.com/btc-go/bip353/transport/transport.go:160.2,160.15 1 0
github.com/btc-go/bip353/transport/transport.go:160.15,160.35 1 0
github.com/btc-go/bip353/transport/transport.go:162.2,162.17 1 0
github.com/btc-go/bip353/transport/transport.go:162.17,163.67 1 0
github.com/btc-go/bip353/transport/transport.go:163.67,165.4 1 0
github.com/btc-go/bip353/transport/transport.go:168.2,169.20 2 0
github.com/btc-go/bip353/transport/transport.go:169.20,171.3 1 0
github.com/btc-go/bip353/transport/transport.go:172.2,177.43 5 0
github.com/btc-go/bip353/transport/transport.go:177.43,179.3 1 0
github.com/btc-go/bip353/transport/transport.go:181.2,182.53 2 0
github.com/btc-go/bip353/transport/transport.go:182.53,184.3 1 0
github.com/btc-go/bip353/transport/transport.go:185.2,186.18 2 0
github.com/btc-go/bip353/transport/transport.go:186.18,188.3 1 0
github.com/btc-go/bip353/transport/transport.go:189.2,189.21 1 0
github.com/btc-go/bip353/transport/transport.go:189.21,191.3 1 0
github.com/btc-go/bip353/transport/transport.go:193.2,194.51 2 0
github.com/btc-go/bip353/transport/transport.go:194.51,196.3 1 0
github.com/btc-go/bip353/transport/transport.go:197.2,197.18 1 0
github.com/btc-go/bip353/transport/transport.go:202.35,204.41 2 0
github.com/btc-go/bip353/transport/transport.go:204.41,206.3 1 0
github.com/btc-go/bip353/transport/transport.go:207.2,208.32 2 0
github.com/btc-go/bip353/transport/transport.go:208.32,209.28 1 0
github.com/btc-go/bip353/transport/transport.go:209.28,211.4 1 0
github.com/btc-go/bip353/transport/transport.go:211.9,213.4 1 0
github.com/btc-go/bip353/transport/transport.go:215.2,215.12 1 0
github.com/btc-go/bip353/bip353.go:41.65,41.101 1 0
github.com/btc-go/bip353/bip353.go:42.65,42.104 1 0
github.com/btc-go/bip353/bip353.go:43.65,43.104 1 0
github.com/btc-go/bip353/bip353.go:44.72,46.2 1 0
github.com/btc-go/bip353/bip353.go:47.65,49.2 1 0
github.com/btc-go/bip353/bip353.go:50.53,50.92 1 0
github.com/btc-go/bip353/bip353.go:51.53,51.92 1 0
github.com/btc-go/bip353/bip353.go:52.63,54.2 1 0
github.com/btc-go/bip353/bip353.go:55.33,55.71 1 0
github.com/btc-go/bip353/bip353.go:59.54,59.97 1 0
github.com/btc-go/bip353/bip353.go:60.54,60.99 1 0
github.com/btc-go/bip353/bip353.go:62.53,64.16 2 0
github.com/btc-go/bip353/bip353.go:64.16,66.3 1 0
github.com/btc-go/bip353/bip353.go:67.2,69.29 3 0
github.com/btc-go/bip353/bip353.go:72.56,74.16 2 0
github.com/btc-go/bip353/bip353.go:74.16,76.3 1 0
github.com/btc-go/bip353/bip353.go:77.2,79.29 3 0
github.com/btc-go/bip353/bip353.go:82.67,84.16 2 0
github.com/btc-go/bip353/bip353.go:84.16,86.3 1 0
github.com/btc-go/bip353/bip353.go:87.2,89.29 3 0
github.com/btc-go/bip353/bip353.go:92.94,94.2 1 0
github.com/btc-go/bip353/bip353.go:95.103,97.2 1 0
github.com/btc-go/bip353/bip353.go:98.107,100.2 1 0
github.com/btc-go/bip353/bip353.go:106.77,108.16 2 0
github.com/btc-go/bip353/bip353.go:108.16,110.3 1 0
github.com/btc-go/bip353/bip353.go:111.2,111.48 1 0
github.com/btc-go/bip353/cmd/bip353/main.go:23.13,24.41 1 0
github.com/btc-go/bip353/cmd/bip353/main.go:24.41,27.3 2 0
github.com/btc-go/bip353/cmd/bip353/main.go:30.31,31.20 1 0
github.com/btc-go/bip353/cmd/bip353/main.go:31.20,34.3 2 0
github.com/btc-go/bip353/cmd/bip353/main.go:35.2,35.17 1 0
github.com/btc-go/bip353/cmd/bip353/main.go:36.17,37.30 1 0
github.com/btc-go/bip353/cmd/bip353/main.go:38.17,39.30 1 0
github.com/btc-go/bip353/cmd/bip353/main.go:40.15,41.28 1 0
github.com/btc-go/bip353/cmd/bip353/main.go:42.16,43.29 1 0
github.com/btc-go/bip353/cmd/bip353/main.go:44.30,46.13 2 0
github.com/btc-go/bip353/cmd/bip353/main.go:47.10,48.80 1 0
github.com/btc-go/bip353/cmd/bip353/main.go:52.38,59.39 7 0
github.com/btc-go/bip353/cmd/bip353/main.go:59.39,61.3 1 0
github.com/btc-go/bip353/cmd/bip353/main.go:62.2,62.19 1 0
github.com/btc-go/bip353/cmd/bip353/main.go:62.19,64.3 1 0
github.com/btc-go/bip353/cmd/bip353/main.go:66.2,67.16 2 0
github.com/btc-go/bip353/cmd/bip353/main.go:67.16,69.3 1 0
github.com/btc-go/bip353/cmd/bip353/main.go:71.2,75.16 4 0
github.com/btc-go/bip353/cmd/bip353/main.go:75.16,77.3 1 0
github.com/btc-go/bip353/cmd/bip353/main.go:79.2,79.14 1 0
github.com/btc-go/bip353/cmd/bip353/main.go:79.14,81.3 1 0
github.com/btc-go/bip353/cmd/bip353/main.go:81.8,83.3 1 0
github.com/btc-go/bip353/cmd/bip353/main.go:84.2,84.12 1 0
github.com/btc-go/bip353/cmd/bip353/main.go:87.82,88.9 1 0
github.com/btc-go/bip353/cmd/bip353/main.go:89.24,90.24 1 0
github.com/btc-go/bip353/cmd/bip353/main.go:90.24,95.4 4 0
github.com/btc-go/bip353/cmd/bip353/main.go:96.3,96.22 1 0
github.com/btc-go/bip353/cmd/bip353/main.go:98.39,100.46 2 0
github.com/btc-go/bip353/cmd/bip353/main.go:100.46,102.4 1 0
github.com/btc-go/bip353/cmd/bip353/main.go:103.3,103.37 1 0
github.com/btc-go/bip353/cmd/bip353/main.go:105.39,106.71 1 0
github.com/btc-go/bip353/cmd/bip353/main.go:108.10,109.102 1 0
github.com/btc-go/bip353/cmd/bip353/main.go:113.56,118.26 5 0
github.com/btc-go/bip353/cmd/bip353/main.go:119.41,120.49 1 0
github.com/btc-go/bip353/cmd/bip353/main.go:121.39,122.58 1 0
github.com/btc-go/bip353/cmd/bip353/main.go:123.41,124.51 1 0
github.com/btc-go/bip353/cmd/bip353/main.go:125.33,126.52 1 0
github.com/btc-go/bip353/cmd/bip353/main.go:130.38,131.19 1 0
github.com/btc-go/bip353/cmd/bip353/main.go:131.19,133.3 1 0
github.com/btc-go/bip353/cmd/bip353/main.go:134.2,135.16 2 0
github.com/btc-go/bip353/cmd/bip353/main.go:135.16,137.3 1 0
github.com/btc-go/bip353/cmd/bip353/main.go:138.2,139.12 2 0
github.com/btc-go/bip353/cmd/bip353/main.go:142.36,149.39 7 0
github.com/btc-go/bip353/cmd/bip353/main.go:149.39,151.3 1 0
github.com/btc-go/bip353/cmd/bip353/main.go:153.2,154.24 2 0
github.com/btc-go/bip353/cmd/bip353/main.go:154.24,156.3 1 0
github.com/btc-go/bip353/cmd/bip353/main.go:157.2,157.19 1 0
github.com/btc-go/bip353/cmd/bip353/main.go:157.19,159.3 1 0
github.com/btc-go/bip353/cmd/bip353/main.go:160.2,160.15 1 0
github.com/btc-go/bip353/cmd/bip353/main.go:160.15,162.3 1 0
github.com/btc-go/bip353/cmd/bip353/main.go:163.2,163.20 1 0
github.com/btc-go/bip353/cmd/bip353/main.go:163.20,165.3 1 0
github.com/btc-go/bip353/cmd/bip353/main.go:167.2,168.16 2 0
github.com/btc-go/bip353/cmd/bip353/main.go:168.16,170.3 1 0
github.com/btc-go/bip353/cmd/bip353/main.go:171.2,172.12 2 0
github.com/btc-go/bip353/cmd/bip353/main.go:175.37,176.19 1 0
github.com/btc-go/bip353/cmd/bip353/main.go:176.19,178.3 1 0
github.com/btc-go/bip353/cmd/bip353/main.go:179.2,181.9 3 0
github.com/btc-go/bip353/cmd/bip353/main.go:184.36,185.29 1 0
github.com/btc-go/bip353/cmd/bip353/main.go:188.37,189.36 1 0
github.com/btc-go/bip353/cmd/bip353/main.go:190.10,191.95 1 0
github.com/btc-go/bip353/cmd/bip353/main.go:195.39,197.34 2 0
github.com/btc-go/bip353/cmd/bip353/main.go:197.34,199.3 1 0
github.com/btc-go/bip353/cmd/bip353/main.go:200.2,201.31 2 0
github.com/btc-go/bip353/cmd/bip353/main.go:201.31,203.3 1 0
github.com/btc-go/bip353/cmd/bip353/main.go:204.2,204.26 1 0
github.com/btc-go/bip353/cmd/bip353/main.go:204.26,206.3 1 0
github.com/btc-go/bip353/cmd/bip353/main.go:207.2,207.26 1 0
github.com/btc-go/bip353/cmd/bip353/main.go:207.26,209.3 1 0
github.com/btc-go/bip353/cmd/bip353/main.go:210.2,210.28 1 0
github.com/btc-go/bip353/cmd/bip353/main.go:210.28,212.3 1 0
github.com/btc-go/bip353/cmd/bip353/main.go:212.8,214.3 1 0
github.com/btc-go/bip353/cmd/bip353/main.go:215.2,215.28 1 0
github.com/btc-go/bip353/cmd/bip353/main.go:215.28,217.3 1 0
github.com/btc-go/bip353/cmd/bip353/main.go:218.2,218.32 1 0
github.com/btc-go/bip353/cmd/bip353/main.go:218.32,220.3 1 0
github.com/btc-go/bip353/cmd/bip353/main.go:221.2,221.29 1 0
github.com/btc-go/bip353/cmd/bip353/main.go:221.29,223.3 1 0
github.com/btc-go/bip353/cmd/bip353/main.go:224.2,224.31 1 0
github.com/btc-go/bip353/cmd/bip353/main.go:224.31,226.3 1 0
github.com/btc-go/bip353/cmd/bip353/main.go:227.2,227.28 1 0
github.com/btc-go/bip353/cmd/bip353/main.go:227.28,229.3 1 0
github.com/btc-go/bip353/cmd/bip353/main.go:230.2,230.16 1 0
github.com/btc-go/bip353/cmd/bip353/main.go:230.16,232.3 1 0
github.com/btc-go/bip353/cmd/bip353/main.go:233.2,233.12 1 0
github.com/btc-go/bip353/cmd/bip353/main.go:236.45,238.16 2 0
github.com/btc-go/bip353/cmd/bip353/main.go:238.16,240.3 1 0
github.com/btc-go/bip353/cmd/bip353/main.go:241.2,243.33 3 0
github.com/btc-go/bip353/cmd/bip353/main.go:243.33,245.3 1 0
github.com/btc-go/bip353/cmd/bip353/main.go:246.2,246.34 1 0
github.com/btc-go/bip353/cmd/bip353/main.go:246.34,248.3 1 0
github.com/btc-go/bip353/cmd/bip353/main.go:249.2,249.12 1 0
github.com/btc-go/bip353/cmd/bip353/main.go:252.19,291.2 1 0
github.com/btc-go/bip353/internal/dnssec/dnssec_prover.go:35.57,43.2 1 0
github.com/btc-go/bip353/internal/dnssec/dnssec_prover.go:45.42,47.2 1 0
github.com/btc-go/bip353/internal/dnssec/dnssec_prover.go:49.37,51.2 1 0
github.com/btc-go/bip353/internal/dnssec/dnssec_prover.go:53.46,55.2 1 0
github.com/btc-go/bip353/internal/dnssec/dnssec_prover.go:57.49,60.2 2 0
github.com/btc-go/bip353/internal/dnssec/dnssec_prover.go:62.31,63.47 1 0
github.com/btc-go/bip353/internal/dnssec/dnssec_prover.go:63.47,66.3 2 0
github.com/btc-go/bip353/internal/dnssec/dnssec_prover.go:69.43,71.2 1 0
github.com/btc-go/bip353/internal/dnssec/dnssec_prover.go:73.50,75.2 1 0
github.com/btc-go/bip353/internal/dnssec/dnssec_prover.go:77.47,78.17 1 0
github.com/btc-go/bip353/internal/dnssec/dnssec_prover.go:78.17,80.3 1 0
github.com/btc-go/bip353/internal/dnssec/dnssec_prover.go:83.2,88.62 2 0
github.com/btc-go/bip353/internal/dnssec/dnssec_prover.go:88.62,90.3 1 0
github.com/btc-go/bip353/internal/dnssec/dnssec_prover.go:109.94,116.16 4 0
github.com/btc-go/bip353/internal/dnssec/dnssec_prover.go:116.16,117.53 1 0
github.com/btc-go/bip353/internal/dnssec/dnssec_prover.go:119.2,119.33 1 0
github.com/btc-go/bip353/internal/dnssec/dnssec_prover.go:122.91,126.22 4 0
github.com/btc-go/bip353/internal/dnssec/dnssec_prover.go:126.22,129.84 2 0
github.com/btc-go/bip353/internal/dnssec/dnssec_prover.go:131.2,131.13 1 0
github.com/btc-go/bip353/internal/dnssec/dnssec_prover.go:134.107,139.2 4 0
github.com/btc-go/bip353/internal/dnssec/dnssec_prover.go:141.82,142.21 1 0
github.com/btc-go/bip353/internal/dnssec/dnssec_prover.go:143.9,144.13 1 0
github.com/btc-go/bip353/internal/dnssec/dnssec_prover.go:145.9,146.77 1 0
github.com/btc-go/bip353/internal/dnssec/dnssec_prover.go:147.9,151.30 1 0
github.com/btc-go/bip353/internal/dnssec/dnssec_prover.go:151.30,152.98 1 0
github.com/btc-go/bip353/internal/dnssec/dnssec_prover.go:153.9,154.64 1 0
github.com/btc-go/bip353/internal/dnssec/dnssec_prover.go:156.10,157.60 1 0
github.com/btc-go/bip353/internal/dnssec/dnssec_prover.go:161.60,162.21 1 0
[...]
github.com/btc-go/bip353/pkg/resolver/resolver.go:188.28,190.40 2 0
github.com/btc-go/bip353/pkg/resolver/resolver.go:190.40,191.27 1 0
github.com/btc-go/bip353/pkg/resolver/resolver.go:191.27,193.5 1 0
github.com/btc-go/bip353/pkg/resolver/resolver.go:194.4,194.22 1 0
github.com/btc-go/bip353/pkg/resolver/resolver.go:194.22,196.5 1 0
github.com/btc-go/bip353/pkg/resolver/resolver.go:197.4,197.22 1 0
github.com/btc-go/bip353/pkg/resolver/resolver.go:197.22,199.5 1 0
github.com/btc-go/bip353/pkg/resolver/resolver.go:200.4,200.24 1 0
github.com/btc-go/bip353/pkg/resolver/resolver.go:200.24,202.5 1 0
github.com/btc-go/bip353/pkg/resolver/resolver.go:203.4,203.28 1 0
github.com/btc-go/bip353/pkg/resolver/resolver.go:203.28,205.5 1 0
github.com/btc-go/bip353/pkg/resolver/resolver.go:208.2,208.30 1 0
github.com/btc-go/bip353/pkg/resolver/resolver.go:208.30,210.3 1 0
github.com/btc-go/bip353/pkg/resolver/resolver.go:211.2,211.31 1 0
github.com/btc-go/bip353/pkg/resolver/resolver.go:211.31,213.37 2 0
github.com/btc-go/bip353/pkg/resolver/resolver.go:213.37,214.48 1 0
github.com/btc-go/bip353/pkg/resolver/resolver.go:214.48,216.5 1 0
github.com/btc-go/bip353/pkg/resolver/resolver.go:219.2,219.37 1 0
github.com/btc-go/bip353/pkg/resolver/resolver.go:219.37,221.47 2 0
github.com/btc-go/bip353/pkg/resolver/resolver.go:221.47,224.4 2 0
github.com/btc-go/bip353/pkg/resolver/resolver.go:226.2,226.19 1 0
github.com/btc-go/bip353/pkg/resolver/resolver.go:229.36,230.17 1 0
github.com/btc-go/bip353/pkg/resolver/resolver.go:230.17,232.3 1 0
github.com/btc-go/bip353/pkg/resolver/resolver.go:233.2,233.22 1 0
github.com/btc-go/bip353/pkg/resolver/resolver.go:236.111,249.64 4 0
github.com/btc-go/bip353/pkg/resolver/resolver.go:249.64,251.3 1 0
github.com/btc-go/bip353/pkg/resolver/resolver.go:252.2,252.20 1 0
github.com/btc-go/bip353/pkg/resolver/resolver.go:252.20,254.3 1 0
github.com/btc-go/bip353/pkg/resolver/resolver.go:256.2,257.36 2 0
github.com/btc-go/bip353/pkg/resolver/resolver.go:257.36,258.86 1 0
github.com/btc-go/bip353/pkg/resolver/resolver.go:258.86,260.4 1 0
github.com/btc-go/bip353/pkg/resolver/resolver.go:262.2,262.29 1 0
github.com/btc-go/bip353/pkg/resolver/resolver.go:262.29,264.3 1 0
github.com/btc-go/bip353/pkg/resolver/resolver.go:265.2,265.28 1 0
github.com/btc-go/bip353/pkg/resolver/resolver.go:265.28,267.3 1 0
github.com/btc-go/bip353/pkg/resolver/resolver.go:269.2,272.16 4 0
github.com/btc-go/bip353/pkg/resolver/resolver.go:272.16,274.3 1 0
github.com/btc-go/bip353/pkg/resolver/resolver.go:275.2,280.18 5 0
github.com/btc-go/bip353/pkg/silentpayment/silentpayment.go:15.13,16.28 1 0
github.com/btc-go/bip353/pkg/silentpayment/silentpayment.go:16.28,18.3 1 0
github.com/btc-go/bip353/pkg/silentpayment/silentpayment.go:19.2,19.34 1 0
github.com/btc-go/bip353/pkg/silentpayment/silentpayment.go:19.34,21.27 2 0
github.com/btc-go/bip353/pkg/silentpayment/silentpayment.go:21.27,23.4 1 0
github.com/btc-go/bip353/pkg/silentpayment/silentpayment.go:34.56,35.34 1 0
github.com/btc-go/bip353/pkg/silentpayment/silentpayment.go:35.34,36.42 1 0
github.com/btc-go/bip353/pkg/silentpayment/silentpayment.go:36.42,38.4 1 0
github.com/btc-go/bip353/pkg/silentpayment/silentpayment.go:40.2,40.15 1 0
github.com/btc-go/bip353/pkg/silentpayment/silentpayment.go:44.63,45.16 1 0
github.com/btc-go/bip353/pkg/silentpayment/silentpayment.go:45.16,47.3 1 0
github.com/btc-go/bip353/pkg/silentpayment/silentpayment.go:48.2,50.15 3 0
github.com/btc-go/bip353/pkg/silentpayment/silentpayment.go:50.15,52.3 1 0
github.com/btc-go/bip353/pkg/silentpayment/silentpayment.go:53.2,54.23 2 0
github.com/btc-go/bip353/pkg/silentpayment/silentpayment.go:54.23,56.3 1 0
github.com/btc-go/bip353/pkg/silentpayment/silentpayment.go:57.2,58.37 2 0
github.com/btc-go/bip353/pkg/silentpayment/silentpayment.go:58.37,60.15 2 0
github.com/btc-go/bip353/pkg/silentpayment/silentpayment.go:60.15,62.4 1 0
github.com/btc-go/bip353/pkg/silentpayment/silentpayment.go:63.3,63.17 1 0
github.com/btc-go/bip353/pkg/silentpayment/silentpayment.go:65.2,65.53 1 0
github.com/btc-go/bip353/pkg/silentpayment/silentpayment.go:65.53,67.3 1 0
github.com/btc-go/bip353/pkg/silentpayment/silentpayment.go:68.2,69.22 2 0
github.com/btc-go/bip353/pkg/silentpayment/silentpayment.go:69.22,71.3 1 0
github.com/btc-go/bip353/pkg/silentpayment/silentpayment.go:72.2,73.18 2 0
github.com/btc-go/bip353/pkg/silentpayment/silentpayment.go:73.18,75.3 1 0
github.com/btc-go/bip353/pkg/silentpayment/silentpayment.go:76.2,77.16 2 0
github.com/btc-go/bip353/pkg/silentpayment/silentpayment.go:77.16,79.3 1 0
github.com/btc-go/bip353/pkg/silentpayment/silentpayment.go:80.2,80.18 1 0
github.com/btc-go/bip353/pkg/silentpayment/silentpayment.go:80.18,81.25 1 0
github.com/btc-go/bip353/pkg/silentpayment/silentpayment.go:81.25,83.4 1 0
github.com/btc-go/bip353/pkg/silentpayment/silentpayment.go:84.3,85.56 2 0
github.com/btc-go/bip353/pkg/silentpayment/silentpayment.go:85.56,87.4 1 0
github.com/btc-go/bip353/pkg/silentpayment/silentpayment.go:88.3,88.57 1 0
github.com/btc-go/bip353/pkg/silentpayment/silentpayment.go:88.57,90.4 1 0
github.com/btc-go/bip353/pkg/silentpayment/silentpayment.go:91.3,96.9 1 0
github.com/btc-go/bip353/pkg/silentpayment/silentpayment.go:98.2,98.77 1 0
github.com/btc-go/bip353/pkg/silentpayment/silentpayment.go:102.34,105.2 2 0
github.com/btc-go/bip353/pkg/silentpayment/silentpayment.go:107.47,108.18 1 0
github.com/btc-go/bip353/pkg/silentpayment/silentpayment.go:108.18,110.3 1 0
github.com/btc-go/bip353/pkg/silentpayment/silentpayment.go:111.2,111.34 1 0
github.com/btc-go/bip353/pkg/silentpayment/silentpayment.go:111.34,113.3 1 0
github.com/btc-go/bip353/pkg/silentpayment/silentpayment.go:114.2,114.12 1 0
github.com/btc-go/bip353/pkg/silentpayment/silentpayment.go:117.52,119.51 2 0
github.com/btc-go/bip353/pkg/silentpayment/silentpayment.go:119.51,121.3 1 0
github.com/btc-go/bip353/pkg/silentpayment/silentpayment.go:122.2,122.12 1 0
github.com/btc-go/bip353/pkg/silentpayment/silentpayment.go:125.35,127.32 2 0
github.com/btc-go/bip353/pkg/silentpayment/silentpayment.go:127.32,130.3 2 0
github.com/btc-go/bip353/pkg/silentpayment/silentpayment.go:131.2,132.12 2 0
github.com/btc-go/bip353/pkg/silentpayment/silentpayment.go:135.39,138.27 3 0
github.com/btc-go/bip353/pkg/silentpayment/silentpayment.go:138.27,139.23 1 0
github.com/btc-go/bip353/pkg/silentpayment/silentpayment.go:139.23,142.27 3 0
github.com/btc-go/bip353/pkg/silentpayment/silentpayment.go:142.27,143.28 1 0
github.com/btc-go/bip353/pkg/silentpayment/silentpayment.go:143.28,145.6 1 0
github.com/btc-go/bip353/pkg/silentpayment/silentpayment.go:149.2,149.12 1 0
github.com/btc-go/bip353/pkg/silentpayment/silentpayment.go:152.80,156.25 4 0
github.com/btc-go/bip353/pkg/silentpayment/silentpayment.go:156.25,159.27 3 0
github.com/btc-go/bip353/pkg/silentpayment/silentpayment.go:159.27,162.4 2 0
github.com/btc-go/bip353/pkg/silentpayment/silentpayment.go:164.2,164.9 1 0
github.com/btc-go/bip353/pkg/silentpayment/silentpayment.go:164.9,165.15 1 0
github.com/btc-go/bip353/pkg/silentpayment/silentpayment.go:165.15,167.4 1 0
github.com/btc-go/bip353/pkg/silentpayment/silentpayment.go:168.8,168.73 1 0
github.com/btc-go/bip353/pkg/silentpayment/silentpayment.go:168.73,170.3 1 0
github.com/btc-go/bip353/pkg/silentpayment/silentpayment.go:171.2,171.17 1 0
github.com/btc-go/bip353/pkg/types/types.go:32.38,33.11 1 0
github.com/btc-go/bip353/pkg/types/types.go:34.26,35.19 1 0
github.com/btc-go/bip353/pkg/types/types.go:36.34,37.28 1 0
github.com/btc-go/bip353/pkg/types/types.go:38.34,39.28 1 0
github.com/btc-go/bip353/pkg/types/types.go:40.32,41.26 1 0
github.com/btc-go/bip353/pkg/types/types.go:42.10,43.19 1 0
github.com/btc-go/bip353/pkg/types/types.go:55.37,56.11 1 0
github.com/btc-go/bip353/pkg/types/types.go:57.23,58.17 1 0
github.com/btc-go/bip353/pkg/types/types.go:59.32,60.27 1 0
github.com/btc-go/bip353/pkg/types/types.go:61.25,62.19 1 0
github.com/btc-go/bip353/pkg/types/types.go:63.10,64.19 1 0
github.com/btc-go/bip353/pkg/types/types.go:73.47,75.2 1 0
github.com/btc-go/bip353/pkg/types/types.go:79.48,83.20 3 0
github.com/btc-go/bip353/pkg/types/types.go:83.20,84.60 1 0
github.com/btc-go/bip353/pkg/types/types.go:84.60,86.4 1 0
github.com/btc-go/bip353/pkg/types/types.go:89.2,89.22 1 0
github.com/btc-go/bip353/pkg/types/types.go:89.22,91.57 2 0
github.com/btc-go/bip353/pkg/types/types.go:91.57,93.4 1 0
github.com/btc-go/bip353/pkg/types/types.go:96.2,96.37 1 0
github.com/btc-go/bip353/pkg/types/types.go:96.37,98.3 1 0
github.com/btc-go/bip353/pkg/types/types.go:99.2,99.65 1 0
github.com/btc-go/bip353/pkg/types/types.go:159.75,160.16 1 0
github.com/btc-go/bip353/pkg/types/types.go:160.16,162.3 1 0
github.com/btc-go/bip353/pkg/types/types.go:163.2,166.38 4 0
github.com/btc-go/bip353/pkg/types/types.go:166.38,168.3 1 0
github.com/btc-go/bip353/pkg/types/types.go:169.2,171.43 3 0
github.com/btc-go/bip353/pkg/types/types.go:171.43,173.3 1 0
github.com/btc-go/bip353/pkg/types/types.go:174.2,174.47 1 0
github.com/btc-go/bip353/pkg/types/types.go:174.47,176.3 1 0
github.com/btc-go/bip353/pkg/types/types.go:177.2,177.62 1 0
github.com/btc-go/bip353/pkg/types/types.go:180.38,181.16 1 0
github.com/btc-go/bip353/pkg/types/types.go:181.16,183.3 1 0
github.com/btc-go/bip353/pkg/types/types.go:184.2,184.20 1 0
github.com/btc-go/bip353/pkg/types/types.go:184.20,186.3 1 0
github.com/btc-go/bip353/pkg/types/types.go:187.2,187.20 1 0
github.com/btc-go/bip353/pkg/types/types.go:187.20,188.49 1 0
github.com/btc-go/bip353/pkg/types/types.go:188.49,190.4 1 0
github.com/btc-go/bip353/pkg/types/types.go:192.2,192.25 1 0
github.com/btc-go/bip353/pkg/types/types.go:192.25,193.52 1 0
github.com/btc-go/bip353/pkg/types/types.go:193.52,195.4 1 0
github.com/btc-go/bip353/pkg/types/types.go:197.2,197.12 1 0
github.com/btc-go/bip353/pkg/types/types.go:200.42,201.18 1 0
github.com/btc-go/bip353/pkg/types/types.go:201.18,203.3 1 0
github.com/btc-go/bip353/pkg/types/types.go:204.2,205.17 2 0
github.com/btc-go/bip353/pkg/types/types.go:205.17,206.47 1 0
github.com/btc-go/bip353/pkg/types/types.go:206.47,207.23 1 0
github.com/btc-go/bip353/pkg/types/types.go:207.23,208.52 1 0
github.com/btc-go/bip353/pkg/types/types.go:208.52,210.6 1 0
github.com/btc-go/bip353/pkg/types/types.go:213.3,213.51 1 0
github.com/btc-go/bip353/pkg/types/types.go:213.51,215.4 1 0
github.com/btc-go/bip353/pkg/types/types.go:217.2,217.18 1 0
github.com/btc-go/bip353/pkg/types/types.go:217.18,219.3 1 0
github.com/btc-go/bip353/pkg/types/types.go:220.2,221.21 2 0
github.com/btc-go/bip353/pkg/types/types.go:221.21,223.3 1 0
github.com/btc-go/bip353/pkg/types/types.go:224.2,224.31 1 0
github.com/btc-go/bip353/pkg/types/types.go:224.31,225.37 1 0
github.com/btc-go/bip353/pkg/types/types.go:225.37,227.4 1 0
github.com/btc-go/bip353/pkg/types/types.go:228.3,228.21 1 0
github.com/btc-go/bip353/pkg/types/types.go:228.21,229.77 1 0
github.com/btc-go/bip353/pkg/types/types.go:229.77,231.5 1 0
github.com/btc-go/bip353/pkg/types/types.go:234.2,234.12 1 0
github.com/btc-go/bip353/pkg/types/types.go:241.40,243.22 2 0
github.com/btc-go/bip353/pkg/types/types.go:243.22,244.44 1 0
github.com/btc-go/bip353/pkg/types/types.go:244.44,245.28 1 0
github.com/btc-go/bip353/pkg/types/types.go:245.28,247.10 2 0
github.com/btc-go/bip353/pkg/types/types.go:251.2,253.22 3 0
github.com/btc-go/bip353/pkg/types/types.go:253.22,255.3 1 0
github.com/btc-go/bip353/pkg/types/types.go:256.2,256.12 1 0
github.com/btc-go/bip353/pkg/types/types.go:259.29,260.30 1 0
github.com/btc-go/bip353/pkg/types/types.go:260.30,261.17 1 0
github.com/btc-go/bip353/pkg/types/types.go:261.17,263.4 1 0
github.com/btc-go/bip353/pkg/types/types.go:265.2,265.13 1 0
github.com/btc-go/bip353/pkg/types/types.go:268.30,270.2 1 0
github.com/btc-go/bip353/pkg/types/types.go:272.52,274.27 2 0
github.com/btc-go/bip353/pkg/types/types.go:274.27,276.3 1 0
github.com/btc-go/bip353/pkg/types/types.go:277.2,277.19 1 0
github.com/btc-go/bip353/pkg/types/types.go:280.54,281.15 1 0
github.com/btc-go/bip353/pkg/types/types.go:281.15,283.3 1 0
github.com/btc-go/bip353/pkg/types/types.go:284.2,284.58 1 0
github.com/btc-go/bip353/pkg/types/types.go:284.58,286.3 1 0
github.com/btc-go/bip353/pkg/types/types.go:287.2,291.39 5 0
github.com/btc-go/bip353/pkg/types/types.go:291.39,293.17 2 0
github.com/btc-go/bip353/pkg/types/types.go:293.17,295.4 1 0
github.com/btc-go/bip353/pkg/types/types.go:296.3,297.32 2 0
github.com/btc-go/bip353/pkg/types/types.go:297.32,298.36 1 0
github.com/btc-go/bip353/pkg/types/types.go:298.36,300.18 2 0
github.com/btc-go/bip353/pkg/types/types.go:300.18,302.6 1 0
github.com/btc-go/bip353/pkg/types/types.go:306.2,306.20 1 0
github.com/btc-go/bip353/pkg/types/types.go:311.72,312.36 1 0
github.com/btc-go/bip353/pkg/types/types.go:312.36,314.3 1 0
github.com/btc-go/bip353/pkg/types/types.go:315.2,315.35 1 0
github.com/btc-go/bip353/pkg/types/types.go:315.35,317.3 1 0
github.com/btc-go/bip353/pkg/types/types.go:318.2,318.42 1 0
github.com/btc-go/bip353/pkg/types/types.go:318.42,320.3 1 0
github.com/btc-go/bip353/pkg/types/types.go:321.2,321.26 1 0
github.com/btc-go/bip353/pkg/types/types.go:321.26,323.3 1 0
github.com/btc-go/bip353/pkg/types/types.go:324.2,324.66 1 0
github.com/btc-go/bip353/pkg/types/types.go:324.66,326.3 1 0
github.com/btc-go/bip353/pkg/types/types.go:327.2,327.54 1 0
github.com/btc-go/bip353/transport/doh.go:30.62,32.9 2 0
github.com/btc-go/bip353/transport/doh.go:32.9,34.3 1 0
github.com/btc-go/bip353/transport/doh.go:35.2,38.8 1 0
github.com/btc-go/bip353/transport/doh.go:41.69,42.57 1 0
github.com/btc-go/bip353/transport/doh.go:42.57,44.3 1 0
github.com/btc-go/bip353/transport/doh.go:45.2,48.8 1 0
github.com/btc-go/bip353/transport/doh.go:51.90,53.2 1 0
github.com/btc-go/bip353/transport/doh.go:55.85,57.19 2 0
github.com/btc-go/bip353/transport/doh.go:57.19,59.3 1 0
github.com/btc-go/bip353/transport/doh.go:60.2,61.39 2 0
github.com/btc-go/bip353/transport/doh.go:61.39,63.17 2 0
github.com/btc-go/bip353/transport/doh.go:63.17,65.12 2 0
github.com/btc-go/bip353/transport/doh.go:67.3,67.19 1 0
github.com/btc-go/bip353/transport/doh.go:69.2,69.66 1 0
github.com/btc-go/bip353/transport/doh.go:74.108,76.16 2 0
github.com/btc-go/bip353/transport/doh.go:76.16,78.3 1 0
github.com/btc-go/bip353/transport/doh.go:79.2,83.16 4 0
github.com/btc-go/bip353/transport/doh.go:83.16,85.3 1 0
github.com/btc-go/bip353/transport/doh.go:86.2,86.15 1 0
github.com/btc-go/bip353/transport/doh.go:86.15,86.40 1 0
github.com/btc-go/bip353/transport/doh.go:88.2,88.38 1 0
github.com/btc-go/bip353/transport/doh.go:88.38,90.3 1 0
github.com/btc-go/bip353/transport/doh.go:92.2,93.16 2 0
github.com/btc-go/bip353/transport/doh.go:93.16,95.3 1 0
github.com/btc-go/bip353/transport/doh.go:96.2,96.18 1 0
github.com/btc-go/bip353/transport/tor.go:32.76,33.21 1 0
github.com/btc-go/bip353/transport/tor.go:33.21,35.3 1 0
github.com/btc-go/bip353/transport/tor.go:36.2,36.59 1 0
github.com/btc-go/bip353/transport/tor.go:36.59,38.3 1 0
github.com/btc-go/bip353/transport/tor.go:40.2,42.48 3 0
github.com/btc-go/bip353/transport/tor.go:42.48,44.3 1 0
github.com/btc-go/bip353/transport/tor.go:44.8,46.3 1 0
github.com/btc-go/bip353/transport/tor.go:47.2,47.16 1 0
github.com/btc-go/bip353/transport/tor.go:47.16,49.3 1 0
github.com/btc-go/bip353/transport/tor.go:51.2,52.16 2 0
github.com/btc-go/bip353/transport/tor.go:52.16,54.3 1 0
github.com/btc-go/bip353/transport/tor.go:56.2,57.51 2 0
github.com/btc-go/bip353/transport/tor.go:57.51,59.3 1 0
github.com/btc-go/bip353/transport/tor.go:59.8,60.81 1 0
github.com/btc-go/bip353/transport/tor.go:60.81,62.4 1 0
github.com/btc-go/bip353/transport/tor.go:65.2,77.59 2 0
github.com/btc-go/bip353/transport/tor.go:80.90,82.16 2 0
github.com/btc-go/bip353/transport/tor.go:82.16,84.3 1 0
github.com/btc-go/bip353/transport/tor.go:85.2,85.20 1 0
github.com/btc-go/bip353/transport/tor.go:89.44,91.16 2 0
github.com/btc-go/bip353/transport/tor.go:91.16,93.3 1 0
github.com/btc-go/bip353/transport/tor.go:94.2,95.12 2 0
github.com/btc-go/bip353/transport/transport.go:46.116,48.39 2 0
github.com/btc-go/bip353/transport/transport.go:48.39,50.3 1 0
github.com/btc-go/bip353/transport/transport.go:51.2,53.6 2 0
github.com/btc-go/bip353/transport/transport.go:53.6,54.10 1 0
github.com/btc-go/bip353/transport/transport.go:55.21,56.69 1 0
github.com/btc-go/bip353/transport/transport.go:57.11,57.11 0 0
github.com/btc-go/bip353/transport/transport.go:60.3,61.19 2 0
github.com/btc-go/bip353/transport/transport.go:61.19,62.9 1 0
github.com/btc-go/bip353/transport/transport.go:65.3,66.17 2 0
github.com/btc-go/bip353/transport/transport.go:66.17,68.4 1 0
github.com/btc-go/bip353/transport/transport.go:70.3,70.55 1 0
github.com/btc-go/bip353/transport/transport.go:70.55,72.4 1 0
github.com/btc-go/bip353/transport/transport.go:75.2,76.18 2 0
github.com/btc-go/bip353/transport/transport.go:76.18,78.3 1 0
github.com/btc-go/bip353/transport/transport.go:80.2,80.79 1 0
github.com/btc-go/bip353/transport/transport.go:83.79,92.64 2 0
github.com/btc-go/bip353/transport/transport.go:92.64,94.3 1 0
github.com/btc-go/bip353/transport/transport.go:95.2,95.20 1 0
github.com/btc-go/bip353/transport/transport.go:95.20,97.3 1 0
github.com/btc-go/bip353/transport/transport.go:98.2,102.36 2 0
github.com/btc-go/bip353/transport/transport.go:102.36,103.23 1 0
github.com/btc-go/bip353/transport/transport.go:103.23,105.4 1 0
github.com/btc-go/bip353/transport/transport.go:107.2,107.20 1 0
github.com/btc-go/bip353/transport/transport.go:117.60,122.2 1 0
github.com/btc-go/bip353/transport/transport.go:124.95,129.2 1 0
github.com/btc-go/bip353/transport/transport.go:131.101,133.2 1 0
github.com/btc-go/bip353/transport/transport.go:135.96,137.18 2 0
github.com/btc-go/bip353/transport/transport.go:137.18,139.3 1 0
github.com/btc-go/bip353/transport/transport.go:140.2,141.35 2 0
github.com/btc-go/bip353/transport/transport.go:141.35,143.17 2 0
github.com/btc-go/bip353/transport/transport.go:143.17,145.12 2 0
github.com/btc-go/bip353/transport/transport.go:147.3,147.19 1 0
github.com/btc-go/bip353/transport/transport.go:149.2,149.63 1 0
github.com/btc-go/bip353/transport/transport.go:154.108,157.16 3 0
github.com/btc-go/bip353/transport/transport.go:157.16,159.3 1 0
github.com/btc-go/bip353/transport/transport.go:160.2,160.15 1 0
github.com/btc-go/bip353/transport/transport.go:160.15,160.35 1 0
github.com/btc-go/bip353/transport/transport.go:162.2,162.17 1 0
github.com/btc-go/bip353/transport/transport.go:162.17,163.67 1 0
github.com/btc-go/bip353/transport/transport.go:163.67,165.4 1 0
github.com/btc-go/bip353/transport/transport.go:168.2,169.20 2 0
github.com/btc-go/bip353/transport/transport.go:169.20,171.3 1 0
github.com/btc-go/bip353/transport/transport.go:172.2,177.43 5 0
github.com/btc-go/bip353/transport/transport.go:177.43,179.3 1 0
github.com/btc-go/bip353/transport/transport.go:181.2,182.53 2 0
github.com/btc-go/bip353/transport/transport.go:182.53,184.3 1 0
github.com/btc-go/bip353/transport/transport.go:185.2,186.18 2 0
github.com/btc-go/bip353/transport/transport.go:186.18,188.3 1 0
github.com/btc-go/bip353/transport/transport.go:189.2,189.21 1 0
github.com/btc-go/bip353/transport/transport.go:189.21,191.3 1 0
github.com/btc-go/bip353/transport/transport.go:193.2,194.51 2 0
github.com/btc-go/bip353/transport/transport.go:194.51,196.3 1 0
github.com/btc-go/bip353/transport/transport.go:197.2,197.18 1 0
github.com/btc-go/bip353/transport/transport.go:202.35,204.41 2 0
github.com/btc-go/bip353/transport/transport.go:204.41,206.3 1 0
github.com/btc-go/bip353/transport/transport.go:207.2,208.32 2 0
github.com/btc-go/bip353/transport/transport.go:208.32,209.28 1 0
github.com/btc-go/bip353/transport/transport.go:209.28,211.4 1 0
github.com/btc-go/bip353/transport/transport.go:211.9,213.4 1 0
github.com/btc-go/bip353/transport/transport.go:215.2,215.12 1 0
